CRITICAL - 2023-11-28 14:59:02 --> Too few arguments to function CodeIgniter\Router\RouteCollection::get(), 1 passed in C:\Users\mcarl\OneDrive\Escritorio\Nuevo\project\app\Config\Routes.php on line 9 and at least 2 expected
in SYSTEMPATH\Router\RouteCollection.php on line 1016.
 1 APPPATH\Config\Routes.php(9): CodeIgniter\Router\RouteCollection->get('/usuarios/login')
 2 SYSTEMPATH\Router\RouteCollection.php(344): require('C:\\Users\\mcarl\\OneDrive\\Escritorio\\Nuevo\\project\\app\\Config\\Routes.php')
 3 SYSTEMPATH\CodeIgniter.php(810): CodeIgniter\Router\RouteCollection->loadRoutes()
 4 SYSTEMPATH\CodeIgniter.php(450): CodeIgniter\CodeIgniter->tryToRouteIt(null)
 5 SYSTEMPATH\CodeIgniter.php(361): CodeIgniter\CodeIgniter->handleRequest(null, Object(Config\Cache), false)
 6 FCPATH\index.php(79): CodeIgniter\CodeIgniter->run()
 7 SYSTEMPATH\Commands\Server\rewrite.php(47): require_once('C:\\Users\\mcarl\\OneDrive\\Escritorio\\Nuevo\\project\\public\\index.php')
INFO - 2023-11-28 15:14:24 --> Session: Class initialized using 'CodeIgniter\Session\Handlers\FileHandler' driver.
INFO - 2023-11-28 15:20:39 --> Session: Class initialized using 'CodeIgniter\Session\Handlers\FileHandler' driver.
INFO - 2023-11-28 15:20:44 --> Session: Class initialized using 'CodeIgniter\Session\Handlers\FileHandler' driver.
INFO - 2023-11-28 15:21:27 --> Session: Class initialized using 'CodeIgniter\Session\Handlers\FileHandler' driver.
CRITICAL - 2023-11-28 15:21:27 --> Call to a member function findAll() on null
in APPPATH\Controllers\Admin.php on line 16.
 1 SYSTEMPATH\CodeIgniter.php(942): App\Controllers\Admin->mostrarP()
 2 SYSTEMPATH\CodeIgniter.php(502): CodeIgniter\CodeIgniter->runController(Object(App\Controllers\Admin))
 3 SYSTEMPATH\CodeIgniter.php(361): CodeIgniter\CodeIgniter->handleRequest(null, Object(Config\Cache), false)
 4 FCPATH\index.php(79): CodeIgniter\CodeIgniter->run()
 5 SYSTEMPATH\Commands\Server\rewrite.php(47): require_once('C:\\Users\\mcarl\\OneDrive\\Escritorio\\Nuevo\\project\\public\\index.php')
CRITICAL - 2023-11-28 15:25:24 --> Call to a member function findAll() on null
in APPPATH\Controllers\Admin.php on line 16.
 1 SYSTEMPATH\CodeIgniter.php(942): App\Controllers\Admin->mostrarP()
 2 SYSTEMPATH\CodeIgniter.php(502): CodeIgniter\CodeIgniter->runController(Object(App\Controllers\Admin))
 3 SYSTEMPATH\CodeIgniter.php(361): CodeIgniter\CodeIgniter->handleRequest(null, Object(Config\Cache), false)
 4 FCPATH\index.php(79): CodeIgniter\CodeIgniter->run()
 5 SYSTEMPATH\Commands\Server\rewrite.php(47): require_once('C:\\Users\\mcarl\\OneDrive\\Escritorio\\Nuevo\\project\\public\\index.php')
ERROR - 2023-11-28 15:25:42 --> mysqli_sql_exception: Table 'project.paciente' doesn't exist in C:\Users\mcarl\OneDrive\Escritorio\Nuevo\project\system\Database\MySQLi\Connection.php:306
Stack trace:
#0 C:\Users\mcarl\OneDrive\Escritorio\Nuevo\project\system\Database\MySQLi\Connection.php(306): mysqli->query('SELECT *\nFROM `...', 0)
#1 C:\Users\mcarl\OneDrive\Escritorio\Nuevo\project\system\Database\BaseConnection.php(693): CodeIgniter\Database\MySQLi\Connection->execute('SELECT *\nFROM `...')
#2 C:\Users\mcarl\OneDrive\Escritorio\Nuevo\project\system\Database\BaseConnection.php(607): CodeIgniter\Database\BaseConnection->simpleQuery('SELECT *\nFROM `...')
#3 C:\Users\mcarl\OneDrive\Escritorio\Nuevo\project\system\Database\BaseBuilder.php(1615): CodeIgniter\Database\BaseConnection->query('SELECT *\nFROM `...', Array, false)
#4 C:\Users\mcarl\OneDrive\Escritorio\Nuevo\project\system\Model.php(237): CodeIgniter\Database\BaseBuilder->get()
#5 C:\Users\mcarl\OneDrive\Escritorio\Nuevo\project\system\BaseModel.php(624): CodeIgniter\Model->doFindAll(0, 0)
#6 C:\Users\mcarl\OneDrive\Escritorio\Nuevo\project\app\Controllers\Admin.php(16): CodeIgniter\BaseModel->findAll()
#7 C:\Users\mcarl\OneDrive\Escritorio\Nuevo\project\system\CodeIgniter.php(942): App\Controllers\Admin->mostrarP()
#8 C:\Users\mcarl\OneDrive\Escritorio\Nuevo\project\system\CodeIgniter.php(502): CodeIgniter\CodeIgniter->runController(Object(App\Controllers\Admin))
#9 C:\Users\mcarl\OneDrive\Escritorio\Nuevo\project\system\CodeIgniter.php(361): CodeIgniter\CodeIgniter->handleRequest(NULL, Object(Config\Cache), false)
#10 C:\Users\mcarl\OneDrive\Escritorio\Nuevo\project\public\index.php(79): CodeIgniter\CodeIgniter->run()
#11 C:\Users\mcarl\OneDrive\Escritorio\Nuevo\project\system\Commands\Server\rewrite.php(47): require_once('C:\\Users\\mcarl\\...')
#12 {main}
CRITICAL - 2023-11-28 15:25:42 --> Table 'project.paciente' doesn't exist
in SYSTEMPATH\Database\BaseConnection.php on line 647.
 1 SYSTEMPATH\Database\BaseBuilder.php(1615): CodeIgniter\Database\BaseConnection->query('SELECT *
FROM `paciente`', [], false)
 2 SYSTEMPATH\Model.php(237): CodeIgniter\Database\BaseBuilder->get()
 3 SYSTEMPATH\BaseModel.php(624): CodeIgniter\Model->doFindAll(0, 0)
 4 APPPATH\Controllers\Admin.php(16): CodeIgniter\BaseModel->findAll()
 5 SYSTEMPATH\CodeIgniter.php(942): App\Controllers\Admin->mostrarP()
 6 SYSTEMPATH\CodeIgniter.php(502): CodeIgniter\CodeIgniter->runController(Object(App\Controllers\Admin))
 7 SYSTEMPATH\CodeIgniter.php(361): CodeIgniter\CodeIgniter->handleRequest(null, Object(Config\Cache), false)
 8 FCPATH\index.php(79): CodeIgniter\CodeIgniter->run()
 9 SYSTEMPATH\Commands\Server\rewrite.php(47): require_once('C:\\Users\\mcarl\\OneDrive\\Escritorio\\Nuevo\\project\\public\\index.php')
INFO - 2023-11-28 15:26:19 --> Session: Class initialized using 'CodeIgniter\Session\Handlers\FileHandler' driver.
CRITICAL - 2023-11-28 15:26:19 --> Undefined property: stdClass::$name
in APPPATH\Views\admin\mostrarP.php on line 36.
 1 APPPATH\Views\admin\mostrarP.php(36): CodeIgniter\Debug\Exceptions->errorHandler(2, 'Undefined property: stdClass::$name', 'C:\\Users\\mcarl\\OneDrive\\Escritorio\\Nuevo\\project\\app\\Views\\admin\\mostrarP.php', 36)
 2 SYSTEMPATH\View\View.php(228): include('C:\\Users\\mcarl\\OneDrive\\Escritorio\\Nuevo\\project\\app\\Views\\admin\\mostrarP.php')
 3 SYSTEMPATH\View\View.php(231): CodeIgniter\View\View->CodeIgniter\View\{closure}()
 4 SYSTEMPATH\Common.php(1190): CodeIgniter\View\View->render('admin/mostrarP', [], true)
 5 APPPATH\Controllers\Admin.php(21): view('admin/mostrarP', [...])
 6 SYSTEMPATH\CodeIgniter.php(942): App\Controllers\Admin->mostrarP()
 7 SYSTEMPATH\CodeIgniter.php(502): CodeIgniter\CodeIgniter->runController(Object(App\Controllers\Admin))
 8 SYSTEMPATH\CodeIgniter.php(361): CodeIgniter\CodeIgniter->handleRequest(null, Object(Config\Cache), false)
 9 FCPATH\index.php(79): CodeIgniter\CodeIgniter->run()
10 SYSTEMPATH\Commands\Server\rewrite.php(47): require_once('C:\\Users\\mcarl\\OneDrive\\Escritorio\\Nuevo\\project\\public\\index.php')
INFO - 2023-11-28 15:27:51 --> Session: Class initialized using 'CodeIgniter\Session\Handlers\FileHandler' driver.
INFO - 2023-11-28 15:29:49 --> Session: Class initialized using 'CodeIgniter\Session\Handlers\FileHandler' driver.
INFO - 2023-11-28 15:29:49 --> Session: Class initialized using 'CodeIgniter\Session\Handlers\FileHandler' driver.
INFO - 2023-11-28 15:31:59 --> Session: Class initialized using 'CodeIgniter\Session\Handlers\FileHandler' driver.
INFO - 2023-11-28 15:36:06 --> Session: Class initialized using 'CodeIgniter\Session\Handlers\FileHandler' driver.
INFO - 2023-11-28 15:37:06 --> Session: Class initialized using 'CodeIgniter\Session\Handlers\FileHandler' driver.
INFO - 2023-11-28 15:38:11 --> Session: Class initialized using 'CodeIgniter\Session\Handlers\FileHandler' driver.
INFO - 2023-11-28 15:38:35 --> Session: Class initialized using 'CodeIgniter\Session\Handlers\FileHandler' driver.
INFO - 2023-11-28 15:38:36 --> Session: Class initialized using 'CodeIgniter\Session\Handlers\FileHandler' driver.
INFO - 2023-11-28 15:38:37 --> Session: Class initialized using 'CodeIgniter\Session\Handlers\FileHandler' driver.
INFO - 2023-11-28 15:47:34 --> Session: Class initialized using 'CodeIgniter\Session\Handlers\FileHandler' driver.
CRITICAL - 2023-11-28 15:47:34 --> Invalid file: "admin/doctor.php"
in SYSTEMPATH\Exceptions\FrameworkException.php on line 39.
 1 SYSTEMPATH\View\View.php(216): CodeIgniter\Exceptions\FrameworkException::forInvalidFile('admin/doctor.php')
 2 SYSTEMPATH\Common.php(1190): CodeIgniter\View\View->render('admin/doctor', [], true)
 3 APPPATH\Controllers\Admin.php(42): view('admin/doctor', [...])
 4 SYSTEMPATH\CodeIgniter.php(942): App\Controllers\Admin->mostrarD()
 5 SYSTEMPATH\CodeIgniter.php(502): CodeIgniter\CodeIgniter->runController(Object(App\Controllers\Admin))
 6 SYSTEMPATH\CodeIgniter.php(361): CodeIgniter\CodeIgniter->handleRequest(null, Object(Config\Cache), false)
 7 FCPATH\index.php(79): CodeIgniter\CodeIgniter->run()
 8 SYSTEMPATH\Commands\Server\rewrite.php(47): require_once('C:\\Users\\mcarl\\OneDrive\\Escritorio\\Nuevo\\project\\public\\index.php')
INFO - 2023-11-28 15:47:46 --> Session: Class initialized using 'CodeIgniter\Session\Handlers\FileHandler' driver.
INFO - 2023-11-28 15:47:49 --> Session: Class initialized using 'CodeIgniter\Session\Handlers\FileHandler' driver.
INFO - 2023-11-28 15:51:25 --> Session: Class initialized using 'CodeIgniter\Session\Handlers\FileHandler' driver.
INFO - 2023-11-28 15:51:26 --> Session: Class initialized using 'CodeIgniter\Session\Handlers\FileHandler' driver.
INFO - 2023-11-28 15:51:27 --> Session: Class initialized using 'CodeIgniter\Session\Handlers\FileHandler' driver.
INFO - 2023-11-28 15:54:44 --> Session: Class initialized using 'CodeIgniter\Session\Handlers\FileHandler' driver.
INFO - 2023-11-28 15:55:07 --> Session: Class initialized using 'CodeIgniter\Session\Handlers\FileHandler' driver.
CRITICAL - 2023-11-28 16:00:20 --> Call to a member function findAll() on null
in APPPATH\Controllers\Admin.php on line 168.
 1 SYSTEMPATH\CodeIgniter.php(942): App\Controllers\Admin->agregarP()
 2 SYSTEMPATH\CodeIgniter.php(502): CodeIgniter\CodeIgniter->runController(Object(App\Controllers\Admin))
 3 SYSTEMPATH\CodeIgniter.php(361): CodeIgniter\CodeIgniter->handleRequest(null, Object(Config\Cache), false)
 4 FCPATH\index.php(79): CodeIgniter\CodeIgniter->run()
 5 SYSTEMPATH\Commands\Server\rewrite.php(47): require_once('C:\\Users\\mcarl\\OneDrive\\Escritorio\\Nuevo\\project\\public\\index.php')
INFO - 2023-11-28 16:00:55 --> Session: Class initialized using 'CodeIgniter\Session\Handlers\FileHandler' driver.
CRITICAL - 2023-11-28 16:01:07 --> Call to a member function insert() on null
in APPPATH\Controllers\Admin.php on line 239.
 1 APPPATH\Controllers\Admin.php(209): App\Controllers\Admin->insert()
 2 SYSTEMPATH\CodeIgniter.php(942): App\Controllers\Admin->agregarP()
 3 SYSTEMPATH\CodeIgniter.php(502): CodeIgniter\CodeIgniter->runController(Object(App\Controllers\Admin))
 4 SYSTEMPATH\CodeIgniter.php(361): CodeIgniter\CodeIgniter->handleRequest(null, Object(Config\Cache), false)
 5 FCPATH\index.php(79): CodeIgniter\CodeIgniter->run()
 6 SYSTEMPATH\Commands\Server\rewrite.php(47): require_once('C:\\Users\\mcarl\\OneDrive\\Escritorio\\Nuevo\\project\\public\\index.php')
CRITICAL - 2023-11-28 16:01:18 --> Undefined variable $pacienteModel
in APPPATH\Controllers\Admin.php on line 239.
 1 APPPATH\Controllers\Admin.php(239): CodeIgniter\Debug\Exceptions->errorHandler(2, 'Undefined variable $pacienteModel', 'C:\\Users\\mcarl\\OneDrive\\Escritorio\\Nuevo\\project\\app\\Controllers\\Admin.php', 239)
 2 APPPATH\Controllers\Admin.php(209): App\Controllers\Admin->insert()
 3 SYSTEMPATH\CodeIgniter.php(942): App\Controllers\Admin->agregarP()
 4 SYSTEMPATH\CodeIgniter.php(502): CodeIgniter\CodeIgniter->runController(Object(App\Controllers\Admin))
 5 SYSTEMPATH\CodeIgniter.php(361): CodeIgniter\CodeIgniter->handleRequest(null, Object(Config\Cache), false)
 6 FCPATH\index.php(79): CodeIgniter\CodeIgniter->run()
 7 SYSTEMPATH\Commands\Server\rewrite.php(47): require_once('C:\\Users\\mcarl\\OneDrive\\Escritorio\\Nuevo\\project\\public\\index.php')
INFO - 2023-11-28 16:01:22 --> Session: Class initialized using 'CodeIgniter\Session\Handlers\FileHandler' driver.
CRITICAL - 2023-11-28 16:01:26 --> Undefined variable $pacienteModel
in APPPATH\Controllers\Admin.php on line 239.
 1 APPPATH\Controllers\Admin.php(239): CodeIgniter\Debug\Exceptions->errorHandler(2, 'Undefined variable $pacienteModel', 'C:\\Users\\mcarl\\OneDrive\\Escritorio\\Nuevo\\project\\app\\Controllers\\Admin.php', 239)
 2 APPPATH\Controllers\Admin.php(209): App\Controllers\Admin->insert()
 3 SYSTEMPATH\CodeIgniter.php(942): App\Controllers\Admin->agregarP()
 4 SYSTEMPATH\CodeIgniter.php(502): CodeIgniter\CodeIgniter->runController(Object(App\Controllers\Admin))
 5 SYSTEMPATH\CodeIgniter.php(361): CodeIgniter\CodeIgniter->handleRequest(null, Object(Config\Cache), false)
 6 FCPATH\index.php(79): CodeIgniter\CodeIgniter->run()
 7 SYSTEMPATH\Commands\Server\rewrite.php(47): require_once('C:\\Users\\mcarl\\OneDrive\\Escritorio\\Nuevo\\project\\public\\index.php')
INFO - 2023-11-28 16:01:33 --> Session: Class initialized using 'CodeIgniter\Session\Handlers\FileHandler' driver.
INFO - 2023-11-28 16:01:34 --> Session: Class initialized using 'CodeIgniter\Session\Handlers\FileHandler' driver.
CRITICAL - 2023-11-28 16:01:49 --> Undefined variable $pacienteModel
in APPPATH\Controllers\Admin.php on line 239.
 1 APPPATH\Controllers\Admin.php(239): CodeIgniter\Debug\Exceptions->errorHandler(2, 'Undefined variable $pacienteModel', 'C:\\Users\\mcarl\\OneDrive\\Escritorio\\Nuevo\\project\\app\\Controllers\\Admin.php', 239)
 2 APPPATH\Controllers\Admin.php(209): App\Controllers\Admin->insert()
 3 SYSTEMPATH\CodeIgniter.php(942): App\Controllers\Admin->agregarP()
 4 SYSTEMPATH\CodeIgniter.php(502): CodeIgniter\CodeIgniter->runController(Object(App\Controllers\Admin))
 5 SYSTEMPATH\CodeIgniter.php(361): CodeIgniter\CodeIgniter->handleRequest(null, Object(Config\Cache), false)
 6 FCPATH\index.php(79): CodeIgniter\CodeIgniter->run()
 7 SYSTEMPATH\Commands\Server\rewrite.php(47): require_once('C:\\Users\\mcarl\\OneDrive\\Escritorio\\Nuevo\\project\\public\\index.php')
CRITICAL - 2023-11-28 16:03:52 --> Call to a member function insert() on null
in APPPATH\Controllers\Admin.php on line 239.
 1 APPPATH\Controllers\Admin.php(209): App\Controllers\Admin->insert()
 2 SYSTEMPATH\CodeIgniter.php(942): App\Controllers\Admin->agregarP()
 3 SYSTEMPATH\CodeIgniter.php(502): CodeIgniter\CodeIgniter->runController(Object(App\Controllers\Admin))
 4 SYSTEMPATH\CodeIgniter.php(361): CodeIgniter\CodeIgniter->handleRequest(null, Object(Config\Cache), false)
 5 FCPATH\index.php(79): CodeIgniter\CodeIgniter->run()
 6 SYSTEMPATH\Commands\Server\rewrite.php(47): require_once('C:\\Users\\mcarl\\OneDrive\\Escritorio\\Nuevo\\project\\public\\index.php')
INFO - 2023-11-28 16:03:55 --> Session: Class initialized using 'CodeIgniter\Session\Handlers\FileHandler' driver.
INFO - 2023-11-28 16:03:57 --> Session: Class initialized using 'CodeIgniter\Session\Handlers\FileHandler' driver.
CRITICAL - 2023-11-28 16:04:09 --> Call to a member function insert() on null
in APPPATH\Controllers\Admin.php on line 239.
 1 APPPATH\Controllers\Admin.php(209): App\Controllers\Admin->insert()
 2 SYSTEMPATH\CodeIgniter.php(942): App\Controllers\Admin->agregarP()
 3 SYSTEMPATH\CodeIgniter.php(502): CodeIgniter\CodeIgniter->runController(Object(App\Controllers\Admin))
 4 SYSTEMPATH\CodeIgniter.php(361): CodeIgniter\CodeIgniter->handleRequest(null, Object(Config\Cache), false)
 5 FCPATH\index.php(79): CodeIgniter\CodeIgniter->run()
 6 SYSTEMPATH\Commands\Server\rewrite.php(47): require_once('C:\\Users\\mcarl\\OneDrive\\Escritorio\\Nuevo\\project\\public\\index.php')
INFO - 2023-11-28 16:05:46 --> Session: Class initialized using 'CodeIgniter\Session\Handlers\FileHandler' driver.
INFO - 2023-11-28 16:05:49 --> Session: Class initialized using 'CodeIgniter\Session\Handlers\FileHandler' driver.
CRITICAL - 2023-11-28 16:05:57 --> Call to undefined method App\Controllers\Admin::insert()
in APPPATH\Controllers\Admin.php on line 209.
 1 SYSTEMPATH\CodeIgniter.php(942): App\Controllers\Admin->agregarP()
 2 SYSTEMPATH\CodeIgniter.php(502): CodeIgniter\CodeIgniter->runController(Object(App\Controllers\Admin))
 3 SYSTEMPATH\CodeIgniter.php(361): CodeIgniter\CodeIgniter->handleRequest(null, Object(Config\Cache), false)
 4 FCPATH\index.php(79): CodeIgniter\CodeIgniter->run()
 5 SYSTEMPATH\Commands\Server\rewrite.php(47): require_once('C:\\Users\\mcarl\\OneDrive\\Escritorio\\Nuevo\\project\\public\\index.php')
CRITICAL - 2023-11-28 16:06:20 --> Call to a member function insert() on null
in APPPATH\Controllers\Admin.php on line 239.
 1 APPPATH\Controllers\Admin.php(209): App\Controllers\Admin->insertP()
 2 SYSTEMPATH\CodeIgniter.php(942): App\Controllers\Admin->agregarP()
 3 SYSTEMPATH\CodeIgniter.php(502): CodeIgniter\CodeIgniter->runController(Object(App\Controllers\Admin))
 4 SYSTEMPATH\CodeIgniter.php(361): CodeIgniter\CodeIgniter->handleRequest(null, Object(Config\Cache), false)
 5 FCPATH\index.php(79): CodeIgniter\CodeIgniter->run()
 6 SYSTEMPATH\Commands\Server\rewrite.php(47): require_once('C:\\Users\\mcarl\\OneDrive\\Escritorio\\Nuevo\\project\\public\\index.php')
INFO - 2023-11-28 16:07:33 --> Session: Class initialized using 'CodeIgniter\Session\Handlers\FileHandler' driver.
INFO - 2023-11-28 16:07:34 --> Session: Class initialized using 'CodeIgniter\Session\Handlers\FileHandler' driver.
CRITICAL - 2023-11-28 16:07:43 --> Call to a member function insert() on null
in APPPATH\Controllers\Admin.php on line 239.
 1 APPPATH\Controllers\Admin.php(209): App\Controllers\Admin->insertP()
 2 SYSTEMPATH\CodeIgniter.php(942): App\Controllers\Admin->agregarP()
 3 SYSTEMPATH\CodeIgniter.php(502): CodeIgniter\CodeIgniter->runController(Object(App\Controllers\Admin))
 4 SYSTEMPATH\CodeIgniter.php(361): CodeIgniter\CodeIgniter->handleRequest(null, Object(Config\Cache), false)
 5 FCPATH\index.php(79): CodeIgniter\CodeIgniter->run()
 6 SYSTEMPATH\Commands\Server\rewrite.php(47): require_once('C:\\Users\\mcarl\\OneDrive\\Escritorio\\Nuevo\\project\\public\\index.php')
CRITICAL - 2023-11-28 16:08:04 --> Call to a member function insertP() on null
in APPPATH\Controllers\Admin.php on line 239.
 1 APPPATH\Controllers\Admin.php(209): App\Controllers\Admin->insertP()
 2 SYSTEMPATH\CodeIgniter.php(942): App\Controllers\Admin->agregarP()
 3 SYSTEMPATH\CodeIgniter.php(502): CodeIgniter\CodeIgniter->runController(Object(App\Controllers\Admin))
 4 SYSTEMPATH\CodeIgniter.php(361): CodeIgniter\CodeIgniter->handleRequest(null, Object(Config\Cache), false)
 5 FCPATH\index.php(79): CodeIgniter\CodeIgniter->run()
 6 SYSTEMPATH\Commands\Server\rewrite.php(47): require_once('C:\\Users\\mcarl\\OneDrive\\Escritorio\\Nuevo\\project\\public\\index.php')
CRITICAL - 2023-11-28 16:09:14 --> Call to a member function insertP() on null
in APPPATH\Controllers\Admin.php on line 239.
 1 APPPATH\Controllers\Admin.php(209): App\Controllers\Admin->insertP()
 2 SYSTEMPATH\CodeIgniter.php(942): App\Controllers\Admin->agregarP()
 3 SYSTEMPATH\CodeIgniter.php(502): CodeIgniter\CodeIgniter->runController(Object(App\Controllers\Admin))
 4 SYSTEMPATH\CodeIgniter.php(361): CodeIgniter\CodeIgniter->handleRequest(null, Object(Config\Cache), false)
 5 FCPATH\index.php(79): CodeIgniter\CodeIgniter->run()
 6 SYSTEMPATH\Commands\Server\rewrite.php(47): require_once('C:\\Users\\mcarl\\OneDrive\\Escritorio\\Nuevo\\project\\public\\index.php')
INFO - 2023-11-28 16:09:17 --> Session: Class initialized using 'CodeIgniter\Session\Handlers\FileHandler' driver.
INFO - 2023-11-28 16:09:18 --> Session: Class initialized using 'CodeIgniter\Session\Handlers\FileHandler' driver.
CRITICAL - 2023-11-28 16:09:36 --> Call to a member function insertP() on null
in APPPATH\Controllers\Admin.php on line 239.
 1 APPPATH\Controllers\Admin.php(209): App\Controllers\Admin->insertP()
 2 SYSTEMPATH\CodeIgniter.php(942): App\Controllers\Admin->agregarP()
 3 SYSTEMPATH\CodeIgniter.php(502): CodeIgniter\CodeIgniter->runController(Object(App\Controllers\Admin))
 4 SYSTEMPATH\CodeIgniter.php(361): CodeIgniter\CodeIgniter->handleRequest(null, Object(Config\Cache), false)
 5 FCPATH\index.php(79): CodeIgniter\CodeIgniter->run()
 6 SYSTEMPATH\Commands\Server\rewrite.php(47): require_once('C:\\Users\\mcarl\\OneDrive\\Escritorio\\Nuevo\\project\\public\\index.php')
CRITICAL - 2023-11-28 16:10:11 --> Call to a member function insert() on null
in APPPATH\Controllers\Admin.php on line 239.
 1 APPPATH\Controllers\Admin.php(209): App\Controllers\Admin->insertP()
 2 SYSTEMPATH\CodeIgniter.php(942): App\Controllers\Admin->agregarP()
 3 SYSTEMPATH\CodeIgniter.php(502): CodeIgniter\CodeIgniter->runController(Object(App\Controllers\Admin))
 4 SYSTEMPATH\CodeIgniter.php(361): CodeIgniter\CodeIgniter->handleRequest(null, Object(Config\Cache), false)
 5 FCPATH\index.php(79): CodeIgniter\CodeIgniter->run()
 6 SYSTEMPATH\Commands\Server\rewrite.php(47): require_once('C:\\Users\\mcarl\\OneDrive\\Escritorio\\Nuevo\\project\\public\\index.php')
CRITICAL - 2023-11-28 16:12:27 --> There is no data to insert.
in SYSTEMPATH\BaseModel.php on line 768.
 1 SYSTEMPATH\BaseModel.php(768): CodeIgniter\Database\Exceptions\DataException::forEmptyDataset('insert')
 2 SYSTEMPATH\Model.php(715): CodeIgniter\BaseModel->insert([], false)
 3 APPPATH\Controllers\Admin.php(239): CodeIgniter\Model->insert([...], false)
 4 APPPATH\Controllers\Admin.php(209): App\Controllers\Admin->insertP()
 5 SYSTEMPATH\CodeIgniter.php(942): App\Controllers\Admin->agregarP()
 6 SYSTEMPATH\CodeIgniter.php(502): CodeIgniter\CodeIgniter->runController(Object(App\Controllers\Admin))
 7 SYSTEMPATH\CodeIgniter.php(361): CodeIgniter\CodeIgniter->handleRequest(null, Object(Config\Cache), false)
 8 FCPATH\index.php(79): CodeIgniter\CodeIgniter->run()
 9 SYSTEMPATH\Commands\Server\rewrite.php(47): require_once('C:\\Users\\mcarl\\OneDrive\\Escritorio\\Nuevo\\project\\public\\index.php')
CRITICAL - 2023-11-28 16:21:19 --> There is no data to insert.
in SYSTEMPATH\BaseModel.php on line 768.
 1 SYSTEMPATH\BaseModel.php(768): CodeIgniter\Database\Exceptions\DataException::forEmptyDataset('insert')
 2 SYSTEMPATH\Model.php(715): CodeIgniter\BaseModel->insert([], false)
 3 APPPATH\Controllers\Admin.php(239): CodeIgniter\Model->insert([...], false)
 4 APPPATH\Controllers\Admin.php(209): App\Controllers\Admin->insertP()
 5 SYSTEMPATH\CodeIgniter.php(942): App\Controllers\Admin->agregarP()
 6 SYSTEMPATH\CodeIgniter.php(502): CodeIgniter\CodeIgniter->runController(Object(App\Controllers\Admin))
 7 SYSTEMPATH\CodeIgniter.php(361): CodeIgniter\CodeIgniter->handleRequest(null, Object(Config\Cache), false)
 8 FCPATH\index.php(79): CodeIgniter\CodeIgniter->run()
 9 SYSTEMPATH\Commands\Server\rewrite.php(47): require_once('C:\\Users\\mcarl\\OneDrive\\Escritorio\\Nuevo\\project\\public\\index.php')
INFO - 2023-11-28 16:21:48 --> Session: Class initialized using 'CodeIgniter\Session\Handlers\FileHandler' driver.
INFO - 2023-11-28 16:21:50 --> Session: Class initialized using 'CodeIgniter\Session\Handlers\FileHandler' driver.
CRITICAL - 2023-11-28 16:22:00 --> There is no data to insert.
in SYSTEMPATH\BaseModel.php on line 768.
 1 SYSTEMPATH\BaseModel.php(768): CodeIgniter\Database\Exceptions\DataException::forEmptyDataset('insert')
 2 SYSTEMPATH\Model.php(715): CodeIgniter\BaseModel->insert([], false)
 3 APPPATH\Controllers\Admin.php(239): CodeIgniter\Model->insert([...], false)
 4 APPPATH\Controllers\Admin.php(209): App\Controllers\Admin->insertP()
 5 SYSTEMPATH\CodeIgniter.php(942): App\Controllers\Admin->agregarP()
 6 SYSTEMPATH\CodeIgniter.php(502): CodeIgniter\CodeIgniter->runController(Object(App\Controllers\Admin))
 7 SYSTEMPATH\CodeIgniter.php(361): CodeIgniter\CodeIgniter->handleRequest(null, Object(Config\Cache), false)
 8 FCPATH\index.php(79): CodeIgniter\CodeIgniter->run()
 9 SYSTEMPATH\Commands\Server\rewrite.php(47): require_once('C:\\Users\\mcarl\\OneDrive\\Escritorio\\Nuevo\\project\\public\\index.php')
INFO - 2023-11-28 16:23:30 --> Session: Class initialized using 'CodeIgniter\Session\Handlers\FileHandler' driver.
INFO - 2023-11-28 16:26:56 --> Session: Class initialized using 'CodeIgniter\Session\Handlers\FileHandler' driver.
INFO - 2023-11-28 16:27:03 --> Session: Class initialized using 'CodeIgniter\Session\Handlers\FileHandler' driver.
INFO - 2023-11-28 16:28:58 --> Session: Class initialized using 'CodeIgniter\Session\Handlers\FileHandler' driver.
INFO - 2023-11-28 16:47:16 --> Session: Class initialized using 'CodeIgniter\Session\Handlers\FileHandler' driver.
INFO - 2023-11-28 16:47:32 --> Session: Class initialized using 'CodeIgniter\Session\Handlers\FileHandler' driver.
INFO - 2023-11-28 16:48:04 --> Session: Class initialized using 'CodeIgniter\Session\Handlers\FileHandler' driver.
INFO - 2023-11-28 16:48:13 --> Session: Class initialized using 'CodeIgniter\Session\Handlers\FileHandler' driver.
INFO - 2023-11-28 16:50:17 --> Session: Class initialized using 'CodeIgniter\Session\Handlers\FileHandler' driver.
INFO - 2023-11-28 16:50:29 --> Session: Class initialized using 'CodeIgniter\Session\Handlers\FileHandler' driver.
INFO - 2023-11-28 16:50:34 --> Session: Class initialized using 'CodeIgniter\Session\Handlers\FileHandler' driver.
INFO - 2023-11-28 16:50:35 --> Session: Class initialized using 'CodeIgniter\Session\Handlers\FileHandler' driver.
INFO - 2023-11-28 16:51:37 --> Session: Class initialized using 'CodeIgniter\Session\Handlers\FileHandler' driver.
INFO - 2023-11-28 16:51:37 --> Session: Class initialized using 'CodeIgniter\Session\Handlers\FileHandler' driver.
INFO - 2023-11-28 16:51:48 --> Session: Class initialized using 'CodeIgniter\Session\Handlers\FileHandler' driver.
INFO - 2023-11-28 16:51:56 --> Session: Class initialized using 'CodeIgniter\Session\Handlers\FileHandler' driver.
INFO - 2023-11-28 16:52:04 --> Session: Class initialized using 'CodeIgniter\Session\Handlers\FileHandler' driver.
INFO - 2023-11-28 16:52:05 --> Session: Class initialized using 'CodeIgniter\Session\Handlers\FileHandler' driver.
INFO - 2023-11-28 16:52:20 --> Session: Class initialized using 'CodeIgniter\Session\Handlers\FileHandler' driver.
INFO - 2023-11-28 17:04:32 --> Session: Class initialized using 'CodeIgniter\Session\Handlers\FileHandler' driver.
INFO - 2023-11-28 17:04:58 --> Session: Class initialized using 'CodeIgniter\Session\Handlers\FileHandler' driver.
INFO - 2023-11-28 17:05:10 --> Session: Class initialized using 'CodeIgniter\Session\Handlers\FileHandler' driver.
INFO - 2023-11-28 17:05:14 --> Session: Class initialized using 'CodeIgniter\Session\Handlers\FileHandler' driver.
INFO - 2023-11-28 17:08:26 --> Session: Class initialized using 'CodeIgniter\Session\Handlers\FileHandler' driver.
CRITICAL - 2023-11-28 17:08:33 --> Call to undefined method App\Controllers\Admin::insert()
in APPPATH\Controllers\Admin.php on line 289.
 1 SYSTEMPATH\CodeIgniter.php(942): App\Controllers\Admin->agregarD()
 2 SYSTEMPATH\CodeIgniter.php(502): CodeIgniter\CodeIgniter->runController(Object(App\Controllers\Admin))
 3 SYSTEMPATH\CodeIgniter.php(361): CodeIgniter\CodeIgniter->handleRequest(null, Object(Config\Cache), false)
 4 FCPATH\index.php(79): CodeIgniter\CodeIgniter->run()
 5 SYSTEMPATH\Commands\Server\rewrite.php(47): require_once('C:\\Users\\mcarl\\OneDrive\\Escritorio\\Nuevo\\project\\public\\index.php')
CRITICAL - 2023-11-28 17:08:52 --> Call to undefined method App\Models\DoctorModel::insertD
in SYSTEMPATH\Model.php on line 873.
 1 APPPATH\Controllers\Admin.php(318): CodeIgniter\Model->__call('insertD', [...])
 2 APPPATH\Controllers\Admin.php(289): App\Controllers\Admin->insertD()
 3 SYSTEMPATH\CodeIgniter.php(942): App\Controllers\Admin->agregarD()
 4 SYSTEMPATH\CodeIgniter.php(502): CodeIgniter\CodeIgniter->runController(Object(App\Controllers\Admin))
 5 SYSTEMPATH\CodeIgniter.php(361): CodeIgniter\CodeIgniter->handleRequest(null, Object(Config\Cache), false)
 6 FCPATH\index.php(79): CodeIgniter\CodeIgniter->run()
 7 SYSTEMPATH\Commands\Server\rewrite.php(47): require_once('C:\\Users\\mcarl\\OneDrive\\Escritorio\\Nuevo\\project\\public\\index.php')
CRITICAL - 2023-11-28 17:09:07 --> Call to undefined method App\Controllers\Admin::insert()
in APPPATH\Controllers\Admin.php on line 289.
 1 SYSTEMPATH\CodeIgniter.php(942): App\Controllers\Admin->agregarD()
 2 SYSTEMPATH\CodeIgniter.php(502): CodeIgniter\CodeIgniter->runController(Object(App\Controllers\Admin))
 3 SYSTEMPATH\CodeIgniter.php(361): CodeIgniter\CodeIgniter->handleRequest(null, Object(Config\Cache), false)
 4 FCPATH\index.php(79): CodeIgniter\CodeIgniter->run()
 5 SYSTEMPATH\Commands\Server\rewrite.php(47): require_once('C:\\Users\\mcarl\\OneDrive\\Escritorio\\Nuevo\\project\\public\\index.php')
INFO - 2023-11-28 17:11:56 --> Session: Class initialized using 'CodeIgniter\Session\Handlers\FileHandler' driver.
CRITICAL - 2023-11-28 17:11:59 --> Call to undefined method App\Models\DoctorModel::insertD
in SYSTEMPATH\Model.php on line 873.
 1 APPPATH\Controllers\Admin.php(318): CodeIgniter\Model->__call('insertD', [...])
 2 APPPATH\Controllers\Admin.php(289): App\Controllers\Admin->insertD()
 3 SYSTEMPATH\CodeIgniter.php(942): App\Controllers\Admin->agregarD()
 4 SYSTEMPATH\CodeIgniter.php(502): CodeIgniter\CodeIgniter->runController(Object(App\Controllers\Admin))
 5 SYSTEMPATH\CodeIgniter.php(361): CodeIgniter\CodeIgniter->handleRequest(null, Object(Config\Cache), false)
 6 FCPATH\index.php(79): CodeIgniter\CodeIgniter->run()
 7 SYSTEMPATH\Commands\Server\rewrite.php(47): require_once('C:\\Users\\mcarl\\OneDrive\\Escritorio\\Nuevo\\project\\public\\index.php')
INFO - 2023-11-28 17:12:05 --> Session: Class initialized using 'CodeIgniter\Session\Handlers\FileHandler' driver.
INFO - 2023-11-28 17:12:06 --> Session: Class initialized using 'CodeIgniter\Session\Handlers\FileHandler' driver.
CRITICAL - 2023-11-28 17:12:17 --> Call to undefined method App\Models\DoctorModel::insertD
in SYSTEMPATH\Model.php on line 873.
 1 APPPATH\Controllers\Admin.php(318): CodeIgniter\Model->__call('insertD', [...])
 2 APPPATH\Controllers\Admin.php(289): App\Controllers\Admin->insertD()
 3 SYSTEMPATH\CodeIgniter.php(942): App\Controllers\Admin->agregarD()
 4 SYSTEMPATH\CodeIgniter.php(502): CodeIgniter\CodeIgniter->runController(Object(App\Controllers\Admin))
 5 SYSTEMPATH\CodeIgniter.php(361): CodeIgniter\CodeIgniter->handleRequest(null, Object(Config\Cache), false)
 6 FCPATH\index.php(79): CodeIgniter\CodeIgniter->run()
 7 SYSTEMPATH\Commands\Server\rewrite.php(47): require_once('C:\\Users\\mcarl\\OneDrive\\Escritorio\\Nuevo\\project\\public\\index.php')
CRITICAL - 2023-11-28 17:15:13 --> Call to undefined method App\Models\DoctorModel::insertD
in SYSTEMPATH\Model.php on line 873.
 1 APPPATH\Controllers\Admin.php(320): CodeIgniter\Model->__call('insertD', [...])
 2 APPPATH\Controllers\Admin.php(289): App\Controllers\Admin->insertD([...])
 3 SYSTEMPATH\CodeIgniter.php(942): App\Controllers\Admin->agregarD()
 4 SYSTEMPATH\CodeIgniter.php(502): CodeIgniter\CodeIgniter->runController(Object(App\Controllers\Admin))
 5 SYSTEMPATH\CodeIgniter.php(361): CodeIgniter\CodeIgniter->handleRequest(null, Object(Config\Cache), false)
 6 FCPATH\index.php(79): CodeIgniter\CodeIgniter->run()
 7 SYSTEMPATH\Commands\Server\rewrite.php(47): require_once('C:\\Users\\mcarl\\OneDrive\\Escritorio\\Nuevo\\project\\public\\index.php')
INFO - 2023-11-28 17:15:18 --> Session: Class initialized using 'CodeIgniter\Session\Handlers\FileHandler' driver.
INFO - 2023-11-28 17:15:19 --> Session: Class initialized using 'CodeIgniter\Session\Handlers\FileHandler' driver.
CRITICAL - 2023-11-28 17:15:38 --> Call to undefined method App\Models\DoctorModel::insertD
in SYSTEMPATH\Model.php on line 873.
 1 APPPATH\Controllers\Admin.php(320): CodeIgniter\Model->__call('insertD', [...])
 2 APPPATH\Controllers\Admin.php(289): App\Controllers\Admin->insertD([...])
 3 SYSTEMPATH\CodeIgniter.php(942): App\Controllers\Admin->agregarD()
 4 SYSTEMPATH\CodeIgniter.php(502): CodeIgniter\CodeIgniter->runController(Object(App\Controllers\Admin))
 5 SYSTEMPATH\CodeIgniter.php(361): CodeIgniter\CodeIgniter->handleRequest(null, Object(Config\Cache), false)
 6 FCPATH\index.php(79): CodeIgniter\CodeIgniter->run()
 7 SYSTEMPATH\Commands\Server\rewrite.php(47): require_once('C:\\Users\\mcarl\\OneDrive\\Escritorio\\Nuevo\\project\\public\\index.php')
CRITICAL - 2023-11-28 17:16:44 --> Call to undefined method CodeIgniter\HTTP\RedirectResponse::refresh()
in APPPATH\Controllers\Admin.php on line 290.
 1 SYSTEMPATH\CodeIgniter.php(942): App\Controllers\Admin->agregarD()
 2 SYSTEMPATH\CodeIgniter.php(502): CodeIgniter\CodeIgniter->runController(Object(App\Controllers\Admin))
 3 SYSTEMPATH\CodeIgniter.php(361): CodeIgniter\CodeIgniter->handleRequest(null, Object(Config\Cache), false)
 4 FCPATH\index.php(79): CodeIgniter\CodeIgniter->run()
 5 SYSTEMPATH\Commands\Server\rewrite.php(47): require_once('C:\\Users\\mcarl\\OneDrive\\Escritorio\\Nuevo\\project\\public\\index.php')
INFO - 2023-11-28 17:17:01 --> Session: Class initialized using 'CodeIgniter\Session\Handlers\FileHandler' driver.
INFO - 2023-11-28 17:17:03 --> Session: Class initialized using 'CodeIgniter\Session\Handlers\FileHandler' driver.
INFO - 2023-11-28 17:21:10 --> Session: Class initialized using 'CodeIgniter\Session\Handlers\FileHandler' driver.
CRITICAL - 2023-11-28 17:21:18 --> Call to undefined method App\Controllers\Admin::insert()
in APPPATH\Controllers\Admin.php on line 371.
 1 SYSTEMPATH\CodeIgniter.php(942): App\Controllers\Admin->agregarE()
 2 SYSTEMPATH\CodeIgniter.php(502): CodeIgniter\CodeIgniter->runController(Object(App\Controllers\Admin))
 3 SYSTEMPATH\CodeIgniter.php(361): CodeIgniter\CodeIgniter->handleRequest(null, Object(Config\Cache), false)
 4 FCPATH\index.php(79): CodeIgniter\CodeIgniter->run()
 5 SYSTEMPATH\Commands\Server\rewrite.php(47): require_once('C:\\Users\\mcarl\\OneDrive\\Escritorio\\Nuevo\\project\\public\\index.php')
CRITICAL - 2023-11-28 17:21:42 --> Call to a member function insert() on null
in APPPATH\Controllers\Admin.php on line 400.
 1 APPPATH\Controllers\Admin.php(371): App\Controllers\Admin->insertE()
 2 SYSTEMPATH\CodeIgniter.php(942): App\Controllers\Admin->agregarE()
 3 SYSTEMPATH\CodeIgniter.php(502): CodeIgniter\CodeIgniter->runController(Object(App\Controllers\Admin))
 4 SYSTEMPATH\CodeIgniter.php(361): CodeIgniter\CodeIgniter->handleRequest(null, Object(Config\Cache), false)
 5 FCPATH\index.php(79): CodeIgniter\CodeIgniter->run()
 6 SYSTEMPATH\Commands\Server\rewrite.php(47): require_once('C:\\Users\\mcarl\\OneDrive\\Escritorio\\Nuevo\\project\\public\\index.php')
CRITICAL - 2023-11-28 17:21:55 --> Undefined variable $enfermeraModel
in APPPATH\Controllers\Admin.php on line 400.
 1 APPPATH\Controllers\Admin.php(400): CodeIgniter\Debug\Exceptions->errorHandler(2, 'Undefined variable $enfermeraModel', 'C:\\Users\\mcarl\\OneDrive\\Escritorio\\Nuevo\\project\\app\\Controllers\\Admin.php', 400)
 2 APPPATH\Controllers\Admin.php(371): App\Controllers\Admin->insertE()
 3 SYSTEMPATH\CodeIgniter.php(942): App\Controllers\Admin->agregarE()
 4 SYSTEMPATH\CodeIgniter.php(502): CodeIgniter\CodeIgniter->runController(Object(App\Controllers\Admin))
 5 SYSTEMPATH\CodeIgniter.php(361): CodeIgniter\CodeIgniter->handleRequest(null, Object(Config\Cache), false)
 6 FCPATH\index.php(79): CodeIgniter\CodeIgniter->run()
 7 SYSTEMPATH\Commands\Server\rewrite.php(47): require_once('C:\\Users\\mcarl\\OneDrive\\Escritorio\\Nuevo\\project\\public\\index.php')
CRITICAL - 2023-11-28 17:22:10 --> The route for "admin/doctor" cannot be found.
in SYSTEMPATH\HTTP\RedirectResponse.php on line 62.
 1 SYSTEMPATH\HTTP\RedirectResponse.php(62): CodeIgniter\HTTP\Exceptions\HTTPException::forInvalidRedirectRoute('admin/doctor')
 2 SYSTEMPATH\Common.php(878): CodeIgniter\HTTP\RedirectResponse->route(false)
 3 APPPATH\Controllers\Admin.php(372): redirect('admin/doctor', 'refresh')
 4 SYSTEMPATH\CodeIgniter.php(942): App\Controllers\Admin->agregarE()
 5 SYSTEMPATH\CodeIgniter.php(502): CodeIgniter\CodeIgniter->runController(Object(App\Controllers\Admin))
 6 SYSTEMPATH\CodeIgniter.php(361): CodeIgniter\CodeIgniter->handleRequest(null, Object(Config\Cache), false)
 7 FCPATH\index.php(79): CodeIgniter\CodeIgniter->run()
 8 SYSTEMPATH\Commands\Server\rewrite.php(47): require_once('C:\\Users\\mcarl\\OneDrive\\Escritorio\\Nuevo\\project\\public\\index.php')
INFO - 2023-11-28 17:22:28 --> Session: Class initialized using 'CodeIgniter\Session\Handlers\FileHandler' driver.
INFO - 2023-11-28 17:38:26 --> Session: Class initialized using 'CodeIgniter\Session\Handlers\FileHandler' driver.
INFO - 2023-11-28 17:38:56 --> Session: Class initialized using 'CodeIgniter\Session\Handlers\FileHandler' driver.
INFO - 2023-11-28 17:39:10 --> Session: Class initialized using 'CodeIgniter\Session\Handlers\FileHandler' driver.
INFO - 2023-11-28 17:42:02 --> Session: Class initialized using 'CodeIgniter\Session\Handlers\FileHandler' driver.
INFO - 2023-11-28 17:42:49 --> Session: Class initialized using 'CodeIgniter\Session\Handlers\FileHandler' driver.
INFO - 2023-11-28 17:42:52 --> Session: Class initialized using 'CodeIgniter\Session\Handlers\FileHandler' driver.
INFO - 2023-11-28 17:43:03 --> Session: Class initialized using 'CodeIgniter\Session\Handlers\FileHandler' driver.
INFO - 2023-11-28 17:55:48 --> Session: Class initialized using 'CodeIgniter\Session\Handlers\FileHandler' driver.
INFO - 2023-11-28 17:55:50 --> Session: Class initialized using 'CodeIgniter\Session\Handlers\FileHandler' driver.
INFO - 2023-11-28 17:56:11 --> Session: Class initialized using 'CodeIgniter\Session\Handlers\FileHandler' driver.
CRITICAL - 2023-11-28 17:56:11 --> Undefined property: stdClass::$name
in APPPATH\Views\admin\editarD.php on line 13.
 1 APPPATH\Views\admin\editarD.php(13): CodeIgniter\Debug\Exceptions->errorHandler(2, 'Undefined property: stdClass::$name', 'C:\\Users\\mcarl\\OneDrive\\Escritorio\\Nuevo\\project\\app\\Views\\admin\\editarD.php', 13)
 2 SYSTEMPATH\View\View.php(228): include('C:\\Users\\mcarl\\OneDrive\\Escritorio\\Nuevo\\project\\app\\Views\\admin\\editarD.php')
 3 SYSTEMPATH\View\View.php(231): CodeIgniter\View\View->CodeIgniter\View\{closure}()
 4 SYSTEMPATH\Common.php(1190): CodeIgniter\View\View->render('admin/editarD', [], true)
 5 APPPATH\Controllers\Admin.php(77): view('admin/editarD', [...])
 6 SYSTEMPATH\CodeIgniter.php(942): App\Controllers\Admin->editarD('2')
 7 SYSTEMPATH\CodeIgniter.php(502): CodeIgniter\CodeIgniter->runController(Object(App\Controllers\Admin))
 8 SYSTEMPATH\CodeIgniter.php(361): CodeIgniter\CodeIgniter->handleRequest(null, Object(Config\Cache), false)
 9 FCPATH\index.php(79): CodeIgniter\CodeIgniter->run()
10 SYSTEMPATH\Commands\Server\rewrite.php(47): require_once('C:\\Users\\mcarl\\OneDrive\\Escritorio\\Nuevo\\project\\public\\index.php')
INFO - 2023-11-28 17:56:36 --> Session: Class initialized using 'CodeIgniter\Session\Handlers\FileHandler' driver.
CRITICAL - 2023-11-28 17:56:36 --> Undefined property: stdClass::$licencia
in APPPATH\Views\admin\editarD.php on line 88.
 1 APPPATH\Views\admin\editarD.php(88): CodeIgniter\Debug\Exceptions->errorHandler(2, 'Undefined property: stdClass::$licencia', 'C:\\Users\\mcarl\\OneDrive\\Escritorio\\Nuevo\\project\\app\\Views\\admin\\editarD.php', 88)
 2 SYSTEMPATH\View\View.php(228): include('C:\\Users\\mcarl\\OneDrive\\Escritorio\\Nuevo\\project\\app\\Views\\admin\\editarD.php')
 3 SYSTEMPATH\View\View.php(231): CodeIgniter\View\View->CodeIgniter\View\{closure}()
 4 SYSTEMPATH\Common.php(1190): CodeIgniter\View\View->render('admin/editarD', [], true)
 5 APPPATH\Controllers\Admin.php(77): view('admin/editarD', [...])
 6 SYSTEMPATH\CodeIgniter.php(942): App\Controllers\Admin->editarD('2')
 7 SYSTEMPATH\CodeIgniter.php(502): CodeIgniter\CodeIgniter->runController(Object(App\Controllers\Admin))
 8 SYSTEMPATH\CodeIgniter.php(361): CodeIgniter\CodeIgniter->handleRequest(null, Object(Config\Cache), false)
 9 FCPATH\index.php(79): CodeIgniter\CodeIgniter->run()
10 SYSTEMPATH\Commands\Server\rewrite.php(47): require_once('C:\\Users\\mcarl\\OneDrive\\Escritorio\\Nuevo\\project\\public\\index.php')
INFO - 2023-11-28 17:56:57 --> Session: Class initialized using 'CodeIgniter\Session\Handlers\FileHandler' driver.
INFO - 2023-11-28 17:58:03 --> Session: Class initialized using 'CodeIgniter\Session\Handlers\FileHandler' driver.
INFO - 2023-11-28 17:58:58 --> Session: Class initialized using 'CodeIgniter\Session\Handlers\FileHandler' driver.
INFO - 2023-11-28 17:59:00 --> Session: Class initialized using 'CodeIgniter\Session\Handlers\FileHandler' driver.
CRITICAL - 2023-11-28 17:59:11 --> Undefined array key "id"
in APPPATH\Controllers\Admin.php on line 102.
 1 APPPATH\Controllers\Admin.php(102): CodeIgniter\Debug\Exceptions->errorHandler(2, 'Undefined array key "id"', 'C:\\Users\\mcarl\\OneDrive\\Escritorio\\Nuevo\\project\\app\\Controllers\\Admin.php', 102)
 2 SYSTEMPATH\CodeIgniter.php(942): App\Controllers\Admin->updateD()
 3 SYSTEMPATH\CodeIgniter.php(502): CodeIgniter\CodeIgniter->runController(Object(App\Controllers\Admin))
 4 SYSTEMPATH\CodeIgniter.php(361): CodeIgniter\CodeIgniter->handleRequest(null, Object(Config\Cache), false)
 5 FCPATH\index.php(79): CodeIgniter\CodeIgniter->run()
 6 SYSTEMPATH\Commands\Server\rewrite.php(47): require_once('C:\\Users\\mcarl\\OneDrive\\Escritorio\\Nuevo\\project\\public\\index.php')
CRITICAL - 2023-11-28 17:59:57 --> Undefined array key "id"
in APPPATH\Controllers\Admin.php on line 102.
 1 APPPATH\Controllers\Admin.php(102): CodeIgniter\Debug\Exceptions->errorHandler(2, 'Undefined array key "id"', 'C:\\Users\\mcarl\\OneDrive\\Escritorio\\Nuevo\\project\\app\\Controllers\\Admin.php', 102)
 2 SYSTEMPATH\CodeIgniter.php(942): App\Controllers\Admin->updateD()
 3 SYSTEMPATH\CodeIgniter.php(502): CodeIgniter\CodeIgniter->runController(Object(App\Controllers\Admin))
 4 SYSTEMPATH\CodeIgniter.php(361): CodeIgniter\CodeIgniter->handleRequest(null, Object(Config\Cache), false)
 5 FCPATH\index.php(79): CodeIgniter\CodeIgniter->run()
 6 SYSTEMPATH\Commands\Server\rewrite.php(47): require_once('C:\\Users\\mcarl\\OneDrive\\Escritorio\\Nuevo\\project\\public\\index.php')
CRITICAL - 2023-11-28 18:04:08 --> Undefined array key "id"
in APPPATH\Controllers\Admin.php on line 102.
 1 APPPATH\Controllers\Admin.php(102): CodeIgniter\Debug\Exceptions->errorHandler(2, 'Undefined array key "id"', 'C:\\Users\\mcarl\\OneDrive\\Escritorio\\Nuevo\\project\\app\\Controllers\\Admin.php', 102)
 2 SYSTEMPATH\CodeIgniter.php(942): App\Controllers\Admin->updateD()
 3 SYSTEMPATH\CodeIgniter.php(502): CodeIgniter\CodeIgniter->runController(Object(App\Controllers\Admin))
 4 SYSTEMPATH\CodeIgniter.php(361): CodeIgniter\CodeIgniter->handleRequest(null, Object(Config\Cache), false)
 5 FCPATH\index.php(79): CodeIgniter\CodeIgniter->run()
 6 SYSTEMPATH\Commands\Server\rewrite.php(47): require_once('C:\\Users\\mcarl\\OneDrive\\Escritorio\\Nuevo\\project\\public\\index.php')
INFO - 2023-11-28 18:04:10 --> Session: Class initialized using 'CodeIgniter\Session\Handlers\FileHandler' driver.
INFO - 2023-11-28 18:04:13 --> Session: Class initialized using 'CodeIgniter\Session\Handlers\FileHandler' driver.
INFO - 2023-11-28 18:04:19 --> Session: Class initialized using 'CodeIgniter\Session\Handlers\FileHandler' driver.
INFO - 2023-11-28 18:04:26 --> Session: Class initialized using 'CodeIgniter\Session\Handlers\FileHandler' driver.
INFO - 2023-11-28 18:14:13 --> Session: Class initialized using 'CodeIgniter\Session\Handlers\FileHandler' driver.
INFO - 2023-11-28 18:16:36 --> Session: Class initialized using 'CodeIgniter\Session\Handlers\FileHandler' driver.
INFO - 2023-11-28 18:16:37 --> Session: Class initialized using 'CodeIgniter\Session\Handlers\FileHandler' driver.
INFO - 2023-11-28 18:16:39 --> Session: Class initialized using 'CodeIgniter\Session\Handlers\FileHandler' driver.
INFO - 2023-11-28 18:16:48 --> Session: Class initialized using 'CodeIgniter\Session\Handlers\FileHandler' driver.
INFO - 2023-11-28 18:16:54 --> Session: Class initialized using 'CodeIgniter\Session\Handlers\FileHandler' driver.
INFO - 2023-11-28 18:17:04 --> Session: Class initialized using 'CodeIgniter\Session\Handlers\FileHandler' driver.
INFO - 2023-11-28 18:17:10 --> Session: Class initialized using 'CodeIgniter\Session\Handlers\FileHandler' driver.
INFO - 2023-11-28 18:22:31 --> Session: Class initialized using 'CodeIgniter\Session\Handlers\FileHandler' driver.
INFO - 2023-11-28 18:22:39 --> Session: Class initialized using 'CodeIgniter\Session\Handlers\FileHandler' driver.
INFO - 2023-11-28 18:43:59 --> Session: Class initialized using 'CodeIgniter\Session\Handlers\FileHandler' driver.
INFO - 2023-11-28 18:44:34 --> Session: Class initialized using 'CodeIgniter\Session\Handlers\FileHandler' driver.
INFO - 2023-11-28 18:48:23 --> Session: Class initialized using 'CodeIgniter\Session\Handlers\FileHandler' driver.
CRITICAL - 2023-11-28 18:48:23 --> Undefined variable $pacient
in APPPATH\Views\admin\editarP.php on line 20.
 1 APPPATH\Views\admin\editarP.php(20): CodeIgniter\Debug\Exceptions->errorHandler(2, 'Undefined variable $pacient', 'C:\\Users\\mcarl\\OneDrive\\Escritorio\\Nuevo\\project\\app\\Views\\admin\\editarP.php', 20)
 2 SYSTEMPATH\View\View.php(228): include('C:\\Users\\mcarl\\OneDrive\\Escritorio\\Nuevo\\project\\app\\Views\\admin\\editarP.php')
 3 SYSTEMPATH\View\View.php(231): CodeIgniter\View\View->CodeIgniter\View\{closure}()
 4 SYSTEMPATH\Common.php(1190): CodeIgniter\View\View->render('admin/editarP', [], true)
 5 APPPATH\Controllers\Admin.php(150): view('admin/editarP', [...])
 6 SYSTEMPATH\CodeIgniter.php(942): App\Controllers\Admin->editarP('1')
 7 SYSTEMPATH\CodeIgniter.php(502): CodeIgniter\CodeIgniter->runController(Object(App\Controllers\Admin))
 8 SYSTEMPATH\CodeIgniter.php(361): CodeIgniter\CodeIgniter->handleRequest(null, Object(Config\Cache), false)
 9 FCPATH\index.php(79): CodeIgniter\CodeIgniter->run()
10 SYSTEMPATH\Commands\Server\rewrite.php(47): require_once('C:\\Users\\mcarl\\OneDrive\\Escritorio\\Nuevo\\project\\public\\index.php')
INFO - 2023-11-28 18:49:02 --> Session: Class initialized using 'CodeIgniter\Session\Handlers\FileHandler' driver.
INFO - 2023-11-28 18:49:10 --> Session: Class initialized using 'CodeIgniter\Session\Handlers\FileHandler' driver.
INFO - 2023-11-28 18:49:26 --> Session: Class initialized using 'CodeIgniter\Session\Handlers\FileHandler' driver.
INFO - 2023-11-28 18:54:14 --> Session: Class initialized using 'CodeIgniter\Session\Handlers\FileHandler' driver.
INFO - 2023-11-28 18:55:42 --> Session: Class initialized using 'CodeIgniter\Session\Handlers\FileHandler' driver.
INFO - 2023-11-28 18:55:44 --> Session: Class initialized using 'CodeIgniter\Session\Handlers\FileHandler' driver.
CRITICAL - 2023-11-28 18:55:48 --> Undefined array key "support_name"
in APPPATH\Controllers\Admin.php on line 193.
 1 APPPATH\Controllers\Admin.php(193): CodeIgniter\Debug\Exceptions->errorHandler(2, 'Undefined array key "support_name"', 'C:\\Users\\mcarl\\OneDrive\\Escritorio\\Nuevo\\project\\app\\Controllers\\Admin.php', 193)
 2 SYSTEMPATH\CodeIgniter.php(942): App\Controllers\Admin->updateA()
 3 SYSTEMPATH\CodeIgniter.php(502): CodeIgniter\CodeIgniter->runController(Object(App\Controllers\Admin))
 4 SYSTEMPATH\CodeIgniter.php(361): CodeIgniter\CodeIgniter->handleRequest(null, Object(Config\Cache), false)
 5 FCPATH\index.php(79): CodeIgniter\CodeIgniter->run()
 6 SYSTEMPATH\Commands\Server\rewrite.php(47): require_once('C:\\Users\\mcarl\\OneDrive\\Escritorio\\Nuevo\\project\\public\\index.php')
INFO - 2023-11-28 18:56:26 --> Session: Class initialized using 'CodeIgniter\Session\Handlers\FileHandler' driver.
INFO - 2023-11-28 18:56:49 --> Session: Class initialized using 'CodeIgniter\Session\Handlers\FileHandler' driver.
INFO - 2023-11-28 19:02:22 --> Session: Class initialized using 'CodeIgniter\Session\Handlers\FileHandler' driver.
INFO - 2023-11-28 19:02:24 --> Session: Class initialized using 'CodeIgniter\Session\Handlers\FileHandler' driver.
INFO - 2023-11-28 19:06:17 --> Session: Class initialized using 'CodeIgniter\Session\Handlers\FileHandler' driver.
INFO - 2023-11-28 19:08:17 --> Session: Class initialized using 'CodeIgniter\Session\Handlers\FileHandler' driver.
INFO - 2023-11-28 19:08:32 --> Session: Class initialized using 'CodeIgniter\Session\Handlers\FileHandler' driver.
INFO - 2023-11-28 19:26:17 --> Session: Class initialized using 'CodeIgniter\Session\Handlers\FileHandler' driver.
INFO - 2023-11-28 19:26:20 --> Session: Class initialized using 'CodeIgniter\Session\Handlers\FileHandler' driver.
INFO - 2023-11-28 19:41:45 --> Session: Class initialized using 'CodeIgniter\Session\Handlers\FileHandler' driver.
INFO - 2023-11-28 19:42:25 --> Session: Class initialized using 'CodeIgniter\Session\Handlers\FileHandler' driver.
INFO - 2023-11-28 19:42:52 --> Session: Class initialized using 'CodeIgniter\Session\Handlers\FileHandler' driver.
INFO - 2023-11-28 19:42:56 --> Session: Class initialized using 'CodeIgniter\Session\Handlers\FileHandler' driver.
INFO - 2023-11-28 19:43:25 --> Session: Class initialized using 'CodeIgniter\Session\Handlers\FileHandler' driver.
INFO - 2023-11-28 19:43:31 --> Session: Class initialized using 'CodeIgniter\Session\Handlers\FileHandler' driver.
INFO - 2023-11-28 19:43:51 --> Session: Class initialized using 'CodeIgniter\Session\Handlers\FileHandler' driver.
INFO - 2023-11-28 19:43:54 --> Session: Class initialized using 'CodeIgniter\Session\Handlers\FileHandler' driver.
INFO - 2023-11-28 19:43:57 --> Session: Class initialized using 'CodeIgniter\Session\Handlers\FileHandler' driver.
INFO - 2023-11-28 19:51:06 --> Session: Class initialized using 'CodeIgniter\Session\Handlers\FileHandler' driver.
INFO - 2023-11-28 19:51:35 --> Session: Class initialized using 'CodeIgniter\Session\Handlers\FileHandler' driver.
CRITICAL - 2023-11-28 19:51:35 --> Undefined property: stdClass::$photo
in APPPATH\Views\doctor\inicio.php on line 63.
 1 APPPATH\Views\doctor\inicio.php(63): CodeIgniter\Debug\Exceptions->errorHandler(2, 'Undefined property: stdClass::$photo', 'C:\\Users\\mcarl\\OneDrive\\Escritorio\\Nuevo\\project\\app\\Views\\doctor\\inicio.php', 63)
 2 SYSTEMPATH\View\View.php(228): include('C:\\Users\\mcarl\\OneDrive\\Escritorio\\Nuevo\\project\\app\\Views\\doctor\\inicio.php')
 3 SYSTEMPATH\View\View.php(231): CodeIgniter\View\View->CodeIgniter\View\{closure}()
 4 SYSTEMPATH\Common.php(1190): CodeIgniter\View\View->render('doctor/inicio', [], true)
 5 APPPATH\Controllers\DoctorController.php(22): view('doctor/inicio', [...])
 6 SYSTEMPATH\CodeIgniter.php(942): App\Controllers\DoctorController->inicio()
 7 SYSTEMPATH\CodeIgniter.php(502): CodeIgniter\CodeIgniter->runController(Object(App\Controllers\DoctorController))
 8 SYSTEMPATH\CodeIgniter.php(361): CodeIgniter\CodeIgniter->handleRequest(null, Object(Config\Cache), false)
 9 FCPATH\index.php(79): CodeIgniter\CodeIgniter->run()
10 SYSTEMPATH\Commands\Server\rewrite.php(47): require_once('C:\\Users\\mcarl\\OneDrive\\Escritorio\\Nuevo\\project\\public\\index.php')
INFO - 2023-11-28 19:51:56 --> Session: Class initialized using 'CodeIgniter\Session\Handlers\FileHandler' driver.
CRITICAL - 2023-11-28 19:51:56 --> Undefined property: stdClass::$name
in APPPATH\Views\doctor\inicio.php on line 73.
 1 APPPATH\Views\doctor\inicio.php(73): CodeIgniter\Debug\Exceptions->errorHandler(2, 'Undefined property: stdClass::$name', 'C:\\Users\\mcarl\\OneDrive\\Escritorio\\Nuevo\\project\\app\\Views\\doctor\\inicio.php', 73)
 2 SYSTEMPATH\View\View.php(228): include('C:\\Users\\mcarl\\OneDrive\\Escritorio\\Nuevo\\project\\app\\Views\\doctor\\inicio.php')
 3 SYSTEMPATH\View\View.php(231): CodeIgniter\View\View->CodeIgniter\View\{closure}()
 4 SYSTEMPATH\Common.php(1190): CodeIgniter\View\View->render('doctor/inicio', [], true)
 5 APPPATH\Controllers\DoctorController.php(22): view('doctor/inicio', [...])
 6 SYSTEMPATH\CodeIgniter.php(942): App\Controllers\DoctorController->inicio()
 7 SYSTEMPATH\CodeIgniter.php(502): CodeIgniter\CodeIgniter->runController(Object(App\Controllers\DoctorController))
 8 SYSTEMPATH\CodeIgniter.php(361): CodeIgniter\CodeIgniter->handleRequest(null, Object(Config\Cache), false)
 9 FCPATH\index.php(79): CodeIgniter\CodeIgniter->run()
10 SYSTEMPATH\Commands\Server\rewrite.php(47): require_once('C:\\Users\\mcarl\\OneDrive\\Escritorio\\Nuevo\\project\\public\\index.php')
INFO - 2023-11-28 20:04:12 --> Session: Class initialized using 'CodeIgniter\Session\Handlers\FileHandler' driver.
CRITICAL - 2023-11-28 20:18:07 --> Invalid file: "dcotor/menu.php"
in SYSTEMPATH\Exceptions\FrameworkException.php on line 39.
 1 SYSTEMPATH\View\View.php(216): CodeIgniter\Exceptions\FrameworkException::forInvalidFile('dcotor/menu.php')
 2 SYSTEMPATH\Common.php(1190): CodeIgniter\View\View->render('dcotor/menu', [], true)
 3 APPPATH\Controllers\DoctorController.php(21): view('dcotor/menu')
 4 SYSTEMPATH\CodeIgniter.php(942): App\Controllers\DoctorController->inicio()
 5 SYSTEMPATH\CodeIgniter.php(502): CodeIgniter\CodeIgniter->runController(Object(App\Controllers\DoctorController))
 6 SYSTEMPATH\CodeIgniter.php(361): CodeIgniter\CodeIgniter->handleRequest(null, Object(Config\Cache), false)
 7 FCPATH\index.php(79): CodeIgniter\CodeIgniter->run()
 8 SYSTEMPATH\Commands\Server\rewrite.php(47): require_once('C:\\Users\\mcarl\\OneDrive\\Escritorio\\Nuevo\\project\\public\\index.php')
INFO - 2023-11-28 20:18:26 --> Session: Class initialized using 'CodeIgniter\Session\Handlers\FileHandler' driver.
INFO - 2023-11-28 20:27:34 --> Session: Class initialized using 'CodeIgniter\Session\Handlers\FileHandler' driver.
INFO - 2023-11-28 20:36:31 --> Session: Class initialized using 'CodeIgniter\Session\Handlers\FileHandler' driver.
INFO - 2023-11-28 20:36:42 --> Session: Class initialized using 'CodeIgniter\Session\Handlers\FileHandler' driver.
INFO - 2023-11-28 20:39:52 --> Session: Class initialized using 'CodeIgniter\Session\Handlers\FileHandler' driver.
INFO - 2023-11-28 20:39:57 --> Session: Class initialized using 'CodeIgniter\Session\Handlers\FileHandler' driver.
INFO - 2023-11-28 20:40:16 --> Session: Class initialized using 'CodeIgniter\Session\Handlers\FileHandler' driver.
INFO - 2023-11-28 20:40:16 --> Session: Class initialized using 'CodeIgniter\Session\Handlers\FileHandler' driver.
INFO - 2023-11-28 20:45:21 --> Session: Class initialized using 'CodeIgniter\Session\Handlers\FileHandler' driver.
INFO - 2023-11-28 20:45:26 --> Session: Class initialized using 'CodeIgniter\Session\Handlers\FileHandler' driver.
INFO - 2023-11-28 20:45:27 --> Session: Class initialized using 'CodeIgniter\Session\Handlers\FileHandler' driver.
INFO - 2023-11-28 20:45:29 --> Session: Class initialized using 'CodeIgniter\Session\Handlers\FileHandler' driver.
INFO - 2023-11-28 20:45:30 --> Session: Class initialized using 'CodeIgniter\Session\Handlers\FileHandler' driver.
INFO - 2023-11-28 20:45:41 --> Session: Class initialized using 'CodeIgniter\Session\Handlers\FileHandler' driver.
INFO - 2023-11-28 20:45:42 --> Session: Class initialized using 'CodeIgniter\Session\Handlers\FileHandler' driver.
INFO - 2023-11-28 20:45:48 --> Session: Class initialized using 'CodeIgniter\Session\Handlers\FileHandler' driver.
INFO - 2023-11-28 20:45:48 --> Session: Class initialized using 'CodeIgniter\Session\Handlers\FileHandler' driver.
INFO - 2023-11-28 20:45:50 --> Session: Class initialized using 'CodeIgniter\Session\Handlers\FileHandler' driver.
INFO - 2023-11-28 20:45:50 --> Session: Class initialized using 'CodeIgniter\Session\Handlers\FileHandler' driver.
INFO - 2023-11-28 20:45:59 --> Session: Class initialized using 'CodeIgniter\Session\Handlers\FileHandler' driver.
INFO - 2023-11-28 20:45:59 --> Session: Class initialized using 'CodeIgniter\Session\Handlers\FileHandler' driver.
INFO - 2023-11-28 20:46:04 --> Session: Class initialized using 'CodeIgniter\Session\Handlers\FileHandler' driver.
INFO - 2023-11-28 20:46:04 --> Session: Class initialized using 'CodeIgniter\Session\Handlers\FileHandler' driver.
INFO - 2023-11-28 20:46:53 --> Session: Class initialized using 'CodeIgniter\Session\Handlers\FileHandler' driver.
INFO - 2023-11-28 20:46:53 --> Session: Class initialized using 'CodeIgniter\Session\Handlers\FileHandler' driver.
INFO - 2023-11-28 20:48:08 --> Session: Class initialized using 'CodeIgniter\Session\Handlers\FileHandler' driver.
INFO - 2023-11-28 20:48:09 --> Session: Class initialized using 'CodeIgniter\Session\Handlers\FileHandler' driver.
INFO - 2023-11-28 20:49:15 --> Session: Class initialized using 'CodeIgniter\Session\Handlers\FileHandler' driver.
INFO - 2023-11-28 20:49:16 --> Session: Class initialized using 'CodeIgniter\Session\Handlers\FileHandler' driver.
INFO - 2023-11-28 20:49:23 --> Session: Class initialized using 'CodeIgniter\Session\Handlers\FileHandler' driver.
INFO - 2023-11-28 20:49:23 --> Session: Class initialized using 'CodeIgniter\Session\Handlers\FileHandler' driver.
INFO - 2023-11-28 20:51:23 --> Session: Class initialized using 'CodeIgniter\Session\Handlers\FileHandler' driver.
INFO - 2023-11-28 20:51:24 --> Session: Class initialized using 'CodeIgniter\Session\Handlers\FileHandler' driver.
INFO - 2023-11-28 20:53:38 --> Session: Class initialized using 'CodeIgniter\Session\Handlers\FileHandler' driver.
INFO - 2023-11-28 20:53:38 --> Session: Class initialized using 'CodeIgniter\Session\Handlers\FileHandler' driver.
INFO - 2023-11-28 20:53:45 --> Session: Class initialized using 'CodeIgniter\Session\Handlers\FileHandler' driver.
INFO - 2023-11-28 20:53:45 --> Session: Class initialized using 'CodeIgniter\Session\Handlers\FileHandler' driver.
INFO - 2023-11-28 20:54:50 --> Session: Class initialized using 'CodeIgniter\Session\Handlers\FileHandler' driver.
INFO - 2023-11-28 20:54:50 --> Session: Class initialized using 'CodeIgniter\Session\Handlers\FileHandler' driver.
INFO - 2023-11-28 20:54:54 --> Session: Class initialized using 'CodeIgniter\Session\Handlers\FileHandler' driver.
INFO - 2023-11-28 20:54:54 --> Session: Class initialized using 'CodeIgniter\Session\Handlers\FileHandler' driver.
INFO - 2023-11-28 20:56:02 --> Session: Class initialized using 'CodeIgniter\Session\Handlers\FileHandler' driver.
INFO - 2023-11-28 20:56:18 --> Session: Class initialized using 'CodeIgniter\Session\Handlers\FileHandler' driver.
INFO - 2023-11-28 20:56:48 --> Session: Class initialized using 'CodeIgniter\Session\Handlers\FileHandler' driver.
INFO - 2023-11-28 20:56:54 --> Session: Class initialized using 'CodeIgniter\Session\Handlers\FileHandler' driver.
INFO - 2023-11-28 20:56:57 --> Session: Class initialized using 'CodeIgniter\Session\Handlers\FileHandler' driver.
INFO - 2023-11-28 20:59:24 --> Session: Class initialized using 'CodeIgniter\Session\Handlers\FileHandler' driver.
INFO - 2023-11-28 21:04:48 --> Session: Class initialized using 'CodeIgniter\Session\Handlers\FileHandler' driver.
INFO - 2023-11-28 21:04:52 --> Session: Class initialized using 'CodeIgniter\Session\Handlers\FileHandler' driver.
INFO - 2023-11-28 21:05:05 --> Session: Class initialized using 'CodeIgniter\Session\Handlers\FileHandler' driver.
INFO - 2023-11-28 21:08:48 --> Session: Class initialized using 'CodeIgniter\Session\Handlers\FileHandler' driver.
INFO - 2023-11-28 21:08:53 --> Session: Class initialized using 'CodeIgniter\Session\Handlers\FileHandler' driver.
INFO - 2023-11-28 21:09:16 --> Session: Class initialized using 'CodeIgniter\Session\Handlers\FileHandler' driver.
INFO - 2023-11-28 21:14:05 --> Session: Class initialized using 'CodeIgniter\Session\Handlers\FileHandler' driver.
INFO - 2023-11-28 21:14:09 --> Session: Class initialized using 'CodeIgniter\Session\Handlers\FileHandler' driver.
INFO - 2023-11-28 21:14:13 --> Session: Class initialized using 'CodeIgniter\Session\Handlers\FileHandler' driver.
INFO - 2023-11-28 21:14:20 --> Session: Class initialized using 'CodeIgniter\Session\Handlers\FileHandler' driver.
INFO - 2023-11-28 22:28:44 --> Session: Class initialized using 'CodeIgniter\Session\Handlers\FileHandler' driver.
CRITICAL - 2023-11-28 22:28:44 --> Undefined variable $pacients
in APPPATH\Views\doctor\recetas.php on line 19.
 1 APPPATH\Views\doctor\recetas.php(19): CodeIgniter\Debug\Exceptions->errorHandler(2, 'Undefined variable $pacients', 'C:\\Users\\mcarl\\OneDrive\\Escritorio\\Nuevo\\project\\app\\Views\\doctor\\recetas.php', 19)
 2 SYSTEMPATH\View\View.php(228): include('C:\\Users\\mcarl\\OneDrive\\Escritorio\\Nuevo\\project\\app\\Views\\doctor\\recetas.php')
 3 SYSTEMPATH\View\View.php(231): CodeIgniter\View\View->CodeIgniter\View\{closure}()
 4 SYSTEMPATH\Common.php(1190): CodeIgniter\View\View->render('doctor/recetas', [], true)
 5 APPPATH\Controllers\DoctorController.php(43): view('doctor/recetas')
 6 SYSTEMPATH\CodeIgniter.php(942): App\Controllers\DoctorController->recetas()
 7 SYSTEMPATH\CodeIgniter.php(502): CodeIgniter\CodeIgniter->runController(Object(App\Controllers\DoctorController))
 8 SYSTEMPATH\CodeIgniter.php(361): CodeIgniter\CodeIgniter->handleRequest(null, Object(Config\Cache), false)
 9 FCPATH\index.php(79): CodeIgniter\CodeIgniter->run()
10 SYSTEMPATH\Commands\Server\rewrite.php(47): require_once('C:\\Users\\mcarl\\OneDrive\\Escritorio\\Nuevo\\project\\public\\index.php')
INFO - 2023-11-28 22:28:51 --> Session: Class initialized using 'CodeIgniter\Session\Handlers\FileHandler' driver.
CRITICAL - 2023-11-28 22:28:51 --> Undefined variable $pacients
in APPPATH\Views\doctor\recetas.php on line 19.
 1 APPPATH\Views\doctor\recetas.php(19): CodeIgniter\Debug\Exceptions->errorHandler(2, 'Undefined variable $pacients', 'C:\\Users\\mcarl\\OneDrive\\Escritorio\\Nuevo\\project\\app\\Views\\doctor\\recetas.php', 19)
 2 SYSTEMPATH\View\View.php(228): include('C:\\Users\\mcarl\\OneDrive\\Escritorio\\Nuevo\\project\\app\\Views\\doctor\\recetas.php')
 3 SYSTEMPATH\View\View.php(231): CodeIgniter\View\View->CodeIgniter\View\{closure}()
 4 SYSTEMPATH\Common.php(1190): CodeIgniter\View\View->render('doctor/recetas', [], true)
 5 APPPATH\Controllers\DoctorController.php(43): view('doctor/recetas')
 6 SYSTEMPATH\CodeIgniter.php(942): App\Controllers\DoctorController->recetas()
 7 SYSTEMPATH\CodeIgniter.php(502): CodeIgniter\CodeIgniter->runController(Object(App\Controllers\DoctorController))
 8 SYSTEMPATH\CodeIgniter.php(361): CodeIgniter\CodeIgniter->handleRequest(null, Object(Config\Cache), false)
 9 FCPATH\index.php(79): CodeIgniter\CodeIgniter->run()
10 SYSTEMPATH\Commands\Server\rewrite.php(47): require_once('C:\\Users\\mcarl\\OneDrive\\Escritorio\\Nuevo\\project\\public\\index.php')
INFO - 2023-11-28 22:28:53 --> Session: Class initialized using 'CodeIgniter\Session\Handlers\FileHandler' driver.
CRITICAL - 2023-11-28 22:28:53 --> Undefined variable $pacients
in APPPATH\Views\doctor\recetas.php on line 19.
 1 APPPATH\Views\doctor\recetas.php(19): CodeIgniter\Debug\Exceptions->errorHandler(2, 'Undefined variable $pacients', 'C:\\Users\\mcarl\\OneDrive\\Escritorio\\Nuevo\\project\\app\\Views\\doctor\\recetas.php', 19)
 2 SYSTEMPATH\View\View.php(228): include('C:\\Users\\mcarl\\OneDrive\\Escritorio\\Nuevo\\project\\app\\Views\\doctor\\recetas.php')
 3 SYSTEMPATH\View\View.php(231): CodeIgniter\View\View->CodeIgniter\View\{closure}()
 4 SYSTEMPATH\Common.php(1190): CodeIgniter\View\View->render('doctor/recetas', [], true)
 5 APPPATH\Controllers\DoctorController.php(43): view('doctor/recetas')
 6 SYSTEMPATH\CodeIgniter.php(942): App\Controllers\DoctorController->recetas()
 7 SYSTEMPATH\CodeIgniter.php(502): CodeIgniter\CodeIgniter->runController(Object(App\Controllers\DoctorController))
 8 SYSTEMPATH\CodeIgniter.php(361): CodeIgniter\CodeIgniter->handleRequest(null, Object(Config\Cache), false)
 9 FCPATH\index.php(79): CodeIgniter\CodeIgniter->run()
10 SYSTEMPATH\Commands\Server\rewrite.php(47): require_once('C:\\Users\\mcarl\\OneDrive\\Escritorio\\Nuevo\\project\\public\\index.php')
INFO - 2023-11-28 22:29:01 --> Session: Class initialized using 'CodeIgniter\Session\Handlers\FileHandler' driver.
CRITICAL - 2023-11-28 22:29:01 --> Undefined variable $pacients
in APPPATH\Views\doctor\recetas.php on line 19.
 1 APPPATH\Views\doctor\recetas.php(19): CodeIgniter\Debug\Exceptions->errorHandler(2, 'Undefined variable $pacients', 'C:\\Users\\mcarl\\OneDrive\\Escritorio\\Nuevo\\project\\app\\Views\\doctor\\recetas.php', 19)
 2 SYSTEMPATH\View\View.php(228): include('C:\\Users\\mcarl\\OneDrive\\Escritorio\\Nuevo\\project\\app\\Views\\doctor\\recetas.php')
 3 SYSTEMPATH\View\View.php(231): CodeIgniter\View\View->CodeIgniter\View\{closure}()
 4 SYSTEMPATH\Common.php(1190): CodeIgniter\View\View->render('doctor/recetas', [], true)
 5 APPPATH\Controllers\DoctorController.php(43): view('doctor/recetas')
 6 SYSTEMPATH\CodeIgniter.php(942): App\Controllers\DoctorController->recetas()
 7 SYSTEMPATH\CodeIgniter.php(502): CodeIgniter\CodeIgniter->runController(Object(App\Controllers\DoctorController))
 8 SYSTEMPATH\CodeIgniter.php(361): CodeIgniter\CodeIgniter->handleRequest(null, Object(Config\Cache), false)
 9 FCPATH\index.php(79): CodeIgniter\CodeIgniter->run()
10 SYSTEMPATH\Commands\Server\rewrite.php(47): require_once('C:\\Users\\mcarl\\OneDrive\\Escritorio\\Nuevo\\project\\public\\index.php')
INFO - 2023-11-28 22:30:03 --> Session: Class initialized using 'CodeIgniter\Session\Handlers\FileHandler' driver.
CRITICAL - 2023-11-28 22:30:03 --> Undefined variable $pacients
in APPPATH\Views\doctor\recetas.php on line 14.
 1 APPPATH\Views\doctor\recetas.php(14): CodeIgniter\Debug\Exceptions->errorHandler(2, 'Undefined variable $pacients', 'C:\\Users\\mcarl\\OneDrive\\Escritorio\\Nuevo\\project\\app\\Views\\doctor\\recetas.php', 14)
 2 SYSTEMPATH\View\View.php(228): include('C:\\Users\\mcarl\\OneDrive\\Escritorio\\Nuevo\\project\\app\\Views\\doctor\\recetas.php')
 3 SYSTEMPATH\View\View.php(231): CodeIgniter\View\View->CodeIgniter\View\{closure}()
 4 SYSTEMPATH\Common.php(1190): CodeIgniter\View\View->render('doctor/recetas', [], true)
 5 APPPATH\Controllers\DoctorController.php(43): view('doctor/recetas')
 6 SYSTEMPATH\CodeIgniter.php(942): App\Controllers\DoctorController->recetas()
 7 SYSTEMPATH\CodeIgniter.php(502): CodeIgniter\CodeIgniter->runController(Object(App\Controllers\DoctorController))
 8 SYSTEMPATH\CodeIgniter.php(361): CodeIgniter\CodeIgniter->handleRequest(null, Object(Config\Cache), false)
 9 FCPATH\index.php(79): CodeIgniter\CodeIgniter->run()
10 SYSTEMPATH\Commands\Server\rewrite.php(47): require_once('C:\\Users\\mcarl\\OneDrive\\Escritorio\\Nuevo\\project\\public\\index.php')
INFO - 2023-11-28 22:32:40 --> Session: Class initialized using 'CodeIgniter\Session\Handlers\FileHandler' driver.
CRITICAL - 2023-11-28 22:32:40 --> Undefined property: CodeIgniter\View\View::$request
in APPPATH\Views\doctor\recetas.php on line 66.
 1 APPPATH\Views\doctor\recetas.php(66): CodeIgniter\Debug\Exceptions->errorHandler(2, 'Undefined property: CodeIgniter\\View\\View::$request', 'C:\\Users\\mcarl\\OneDrive\\Escritorio\\Nuevo\\project\\app\\Views\\doctor\\recetas.php', 66)
 2 SYSTEMPATH\View\View.php(228): include('C:\\Users\\mcarl\\OneDrive\\Escritorio\\Nuevo\\project\\app\\Views\\doctor\\recetas.php')
 3 SYSTEMPATH\View\View.php(231): CodeIgniter\View\View->CodeIgniter\View\{closure}()
 4 SYSTEMPATH\Common.php(1190): CodeIgniter\View\View->render('doctor/recetas', [], true)
 5 APPPATH\Controllers\DoctorController.php(43): view('doctor/recetas', [...])
 6 SYSTEMPATH\CodeIgniter.php(942): App\Controllers\DoctorController->recetas()
 7 SYSTEMPATH\CodeIgniter.php(502): CodeIgniter\CodeIgniter->runController(Object(App\Controllers\DoctorController))
 8 SYSTEMPATH\CodeIgniter.php(361): CodeIgniter\CodeIgniter->handleRequest(null, Object(Config\Cache), false)
 9 FCPATH\index.php(79): CodeIgniter\CodeIgniter->run()
10 SYSTEMPATH\Commands\Server\rewrite.php(47): require_once('C:\\Users\\mcarl\\OneDrive\\Escritorio\\Nuevo\\project\\public\\index.php')
INFO - 2023-11-28 22:42:36 --> Session: Class initialized using 'CodeIgniter\Session\Handlers\FileHandler' driver.
CRITICAL - 2023-11-28 22:42:36 --> Undefined variable $data
in APPPATH\Controllers\DoctorController.php on line 123.
 1 APPPATH\Controllers\DoctorController.php(123): CodeIgniter\Debug\Exceptions->errorHandler(2, 'Undefined variable $data', 'C:\\Users\\mcarl\\OneDrive\\Escritorio\\Nuevo\\project\\app\\Controllers\\DoctorController.php', 123)
 2 SYSTEMPATH\CodeIgniter.php(942): App\Controllers\DoctorController->recetas()
 3 SYSTEMPATH\CodeIgniter.php(502): CodeIgniter\CodeIgniter->runController(Object(App\Controllers\DoctorController))
 4 SYSTEMPATH\CodeIgniter.php(361): CodeIgniter\CodeIgniter->handleRequest(null, Object(Config\Cache), false)
 5 FCPATH\index.php(79): CodeIgniter\CodeIgniter->run()
 6 SYSTEMPATH\Commands\Server\rewrite.php(47): require_once('C:\\Users\\mcarl\\OneDrive\\Escritorio\\Nuevo\\project\\public\\index.php')
INFO - 2023-11-28 22:43:45 --> Session: Class initialized using 'CodeIgniter\Session\Handlers\FileHandler' driver.
CRITICAL - 2023-11-28 22:43:45 --> Undefined property: CodeIgniter\View\View::$request
in APPPATH\Views\doctor\recetas.php on line 66.
 1 APPPATH\Views\doctor\recetas.php(66): CodeIgniter\Debug\Exceptions->errorHandler(2, 'Undefined property: CodeIgniter\\View\\View::$request', 'C:\\Users\\mcarl\\OneDrive\\Escritorio\\Nuevo\\project\\app\\Views\\doctor\\recetas.php', 66)
 2 SYSTEMPATH\View\View.php(228): include('C:\\Users\\mcarl\\OneDrive\\Escritorio\\Nuevo\\project\\app\\Views\\doctor\\recetas.php')
 3 SYSTEMPATH\View\View.php(231): CodeIgniter\View\View->CodeIgniter\View\{closure}()
 4 SYSTEMPATH\Common.php(1190): CodeIgniter\View\View->render('doctor/recetas', [], true)
 5 APPPATH\Controllers\DoctorController.php(50): view('doctor/recetas', [...])
 6 SYSTEMPATH\CodeIgniter.php(942): App\Controllers\DoctorController->recetas()
 7 SYSTEMPATH\CodeIgniter.php(502): CodeIgniter\CodeIgniter->runController(Object(App\Controllers\DoctorController))
 8 SYSTEMPATH\CodeIgniter.php(361): CodeIgniter\CodeIgniter->handleRequest(null, Object(Config\Cache), false)
 9 FCPATH\index.php(79): CodeIgniter\CodeIgniter->run()
10 SYSTEMPATH\Commands\Server\rewrite.php(47): require_once('C:\\Users\\mcarl\\OneDrive\\Escritorio\\Nuevo\\project\\public\\index.php')
INFO - 2023-11-28 22:45:16 --> Session: Class initialized using 'CodeIgniter\Session\Handlers\FileHandler' driver.
CRITICAL - 2023-11-28 22:45:16 --> Undefined property: CodeIgniter\View\View::$request
in APPPATH\Views\doctor\recetas.php on line 66.
 1 APPPATH\Views\doctor\recetas.php(66): CodeIgniter\Debug\Exceptions->errorHandler(2, 'Undefined property: CodeIgniter\\View\\View::$request', 'C:\\Users\\mcarl\\OneDrive\\Escritorio\\Nuevo\\project\\app\\Views\\doctor\\recetas.php', 66)
 2 SYSTEMPATH\View\View.php(228): include('C:\\Users\\mcarl\\OneDrive\\Escritorio\\Nuevo\\project\\app\\Views\\doctor\\recetas.php')
 3 SYSTEMPATH\View\View.php(231): CodeIgniter\View\View->CodeIgniter\View\{closure}()
 4 SYSTEMPATH\Common.php(1190): CodeIgniter\View\View->render('doctor/recetas', [], true)
 5 APPPATH\Controllers\DoctorController.php(50): view('doctor/recetas', [...])
 6 SYSTEMPATH\CodeIgniter.php(942): App\Controllers\DoctorController->recetas()
 7 SYSTEMPATH\CodeIgniter.php(502): CodeIgniter\CodeIgniter->runController(Object(App\Controllers\DoctorController))
 8 SYSTEMPATH\CodeIgniter.php(361): CodeIgniter\CodeIgniter->handleRequest(null, Object(Config\Cache), false)
 9 FCPATH\index.php(79): CodeIgniter\CodeIgniter->run()
10 SYSTEMPATH\Commands\Server\rewrite.php(47): require_once('C:\\Users\\mcarl\\OneDrive\\Escritorio\\Nuevo\\project\\public\\index.php')
INFO - 2023-11-28 22:45:52 --> Session: Class initialized using 'CodeIgniter\Session\Handlers\FileHandler' driver.
CRITICAL - 2023-11-28 22:45:52 --> Undefined property: CodeIgniter\View\View::$request
in APPPATH\Views\doctor\recetas.php on line 67.
 1 APPPATH\Views\doctor\recetas.php(67): CodeIgniter\Debug\Exceptions->errorHandler(2, 'Undefined property: CodeIgniter\\View\\View::$request', 'C:\\Users\\mcarl\\OneDrive\\Escritorio\\Nuevo\\project\\app\\Views\\doctor\\recetas.php', 67)
 2 SYSTEMPATH\View\View.php(228): include('C:\\Users\\mcarl\\OneDrive\\Escritorio\\Nuevo\\project\\app\\Views\\doctor\\recetas.php')
 3 SYSTEMPATH\View\View.php(231): CodeIgniter\View\View->CodeIgniter\View\{closure}()
 4 SYSTEMPATH\Common.php(1190): CodeIgniter\View\View->render('doctor/recetas', [], true)
 5 APPPATH\Controllers\DoctorController.php(50): view('doctor/recetas', [...])
 6 SYSTEMPATH\CodeIgniter.php(942): App\Controllers\DoctorController->recetas()
 7 SYSTEMPATH\CodeIgniter.php(502): CodeIgniter\CodeIgniter->runController(Object(App\Controllers\DoctorController))
 8 SYSTEMPATH\CodeIgniter.php(361): CodeIgniter\CodeIgniter->handleRequest(null, Object(Config\Cache), false)
 9 FCPATH\index.php(79): CodeIgniter\CodeIgniter->run()
10 SYSTEMPATH\Commands\Server\rewrite.php(47): require_once('C:\\Users\\mcarl\\OneDrive\\Escritorio\\Nuevo\\project\\public\\index.php')
INFO - 2023-11-28 22:45:56 --> Session: Class initialized using 'CodeIgniter\Session\Handlers\FileHandler' driver.
CRITICAL - 2023-11-28 22:45:56 --> Undefined property: CodeIgniter\View\View::$request
in APPPATH\Views\doctor\recetas.php on line 67.
 1 APPPATH\Views\doctor\recetas.php(67): CodeIgniter\Debug\Exceptions->errorHandler(2, 'Undefined property: CodeIgniter\\View\\View::$request', 'C:\\Users\\mcarl\\OneDrive\\Escritorio\\Nuevo\\project\\app\\Views\\doctor\\recetas.php', 67)
 2 SYSTEMPATH\View\View.php(228): include('C:\\Users\\mcarl\\OneDrive\\Escritorio\\Nuevo\\project\\app\\Views\\doctor\\recetas.php')
 3 SYSTEMPATH\View\View.php(231): CodeIgniter\View\View->CodeIgniter\View\{closure}()
 4 SYSTEMPATH\Common.php(1190): CodeIgniter\View\View->render('doctor/recetas', [], true)
 5 APPPATH\Controllers\DoctorController.php(50): view('doctor/recetas', [...])
 6 SYSTEMPATH\CodeIgniter.php(942): App\Controllers\DoctorController->recetas()
 7 SYSTEMPATH\CodeIgniter.php(502): CodeIgniter\CodeIgniter->runController(Object(App\Controllers\DoctorController))
 8 SYSTEMPATH\CodeIgniter.php(361): CodeIgniter\CodeIgniter->handleRequest(null, Object(Config\Cache), false)
 9 FCPATH\index.php(79): CodeIgniter\CodeIgniter->run()
10 SYSTEMPATH\Commands\Server\rewrite.php(47): require_once('C:\\Users\\mcarl\\OneDrive\\Escritorio\\Nuevo\\project\\public\\index.php')
INFO - 2023-11-28 22:47:38 --> Session: Class initialized using 'CodeIgniter\Session\Handlers\FileHandler' driver.
CRITICAL - 2023-11-28 22:47:38 --> Undefined property: CodeIgniter\View\View::$request
in APPPATH\Views\doctor\recetas.php on line 70.
 1 APPPATH\Views\doctor\recetas.php(70): CodeIgniter\Debug\Exceptions->errorHandler(2, 'Undefined property: CodeIgniter\\View\\View::$request', 'C:\\Users\\mcarl\\OneDrive\\Escritorio\\Nuevo\\project\\app\\Views\\doctor\\recetas.php', 70)
 2 SYSTEMPATH\View\View.php(228): include('C:\\Users\\mcarl\\OneDrive\\Escritorio\\Nuevo\\project\\app\\Views\\doctor\\recetas.php')
 3 SYSTEMPATH\View\View.php(231): CodeIgniter\View\View->CodeIgniter\View\{closure}()
 4 SYSTEMPATH\Common.php(1190): CodeIgniter\View\View->render('doctor/recetas', [], true)
 5 APPPATH\Controllers\DoctorController.php(50): view('doctor/recetas', [...])
 6 SYSTEMPATH\CodeIgniter.php(942): App\Controllers\DoctorController->recetas()
 7 SYSTEMPATH\CodeIgniter.php(502): CodeIgniter\CodeIgniter->runController(Object(App\Controllers\DoctorController))
 8 SYSTEMPATH\CodeIgniter.php(361): CodeIgniter\CodeIgniter->handleRequest(null, Object(Config\Cache), false)
 9 FCPATH\index.php(79): CodeIgniter\CodeIgniter->run()
10 SYSTEMPATH\Commands\Server\rewrite.php(47): require_once('C:\\Users\\mcarl\\OneDrive\\Escritorio\\Nuevo\\project\\public\\index.php')
INFO - 2023-11-28 22:47:40 --> Session: Class initialized using 'CodeIgniter\Session\Handlers\FileHandler' driver.
CRITICAL - 2023-11-28 22:47:40 --> Undefined property: CodeIgniter\View\View::$request
in APPPATH\Views\doctor\recetas.php on line 70.
 1 APPPATH\Views\doctor\recetas.php(70): CodeIgniter\Debug\Exceptions->errorHandler(2, 'Undefined property: CodeIgniter\\View\\View::$request', 'C:\\Users\\mcarl\\OneDrive\\Escritorio\\Nuevo\\project\\app\\Views\\doctor\\recetas.php', 70)
 2 SYSTEMPATH\View\View.php(228): include('C:\\Users\\mcarl\\OneDrive\\Escritorio\\Nuevo\\project\\app\\Views\\doctor\\recetas.php')
 3 SYSTEMPATH\View\View.php(231): CodeIgniter\View\View->CodeIgniter\View\{closure}()
 4 SYSTEMPATH\Common.php(1190): CodeIgniter\View\View->render('doctor/recetas', [], true)
 5 APPPATH\Controllers\DoctorController.php(50): view('doctor/recetas', [...])
 6 SYSTEMPATH\CodeIgniter.php(942): App\Controllers\DoctorController->recetas()
 7 SYSTEMPATH\CodeIgniter.php(502): CodeIgniter\CodeIgniter->runController(Object(App\Controllers\DoctorController))
 8 SYSTEMPATH\CodeIgniter.php(361): CodeIgniter\CodeIgniter->handleRequest(null, Object(Config\Cache), false)
 9 FCPATH\index.php(79): CodeIgniter\CodeIgniter->run()
10 SYSTEMPATH\Commands\Server\rewrite.php(47): require_once('C:\\Users\\mcarl\\OneDrive\\Escritorio\\Nuevo\\project\\public\\index.php')
INFO - 2023-11-28 22:49:02 --> Session: Class initialized using 'CodeIgniter\Session\Handlers\FileHandler' driver.
CRITICAL - 2023-11-28 22:49:02 --> Undefined property: CodeIgniter\View\View::$request
in APPPATH\Views\doctor\recetas.php on line 70.
 1 APPPATH\Views\doctor\recetas.php(70): CodeIgniter\Debug\Exceptions->errorHandler(2, 'Undefined property: CodeIgniter\\View\\View::$request', 'C:\\Users\\mcarl\\OneDrive\\Escritorio\\Nuevo\\project\\app\\Views\\doctor\\recetas.php', 70)
 2 SYSTEMPATH\View\View.php(228): include('C:\\Users\\mcarl\\OneDrive\\Escritorio\\Nuevo\\project\\app\\Views\\doctor\\recetas.php')
 3 SYSTEMPATH\View\View.php(231): CodeIgniter\View\View->CodeIgniter\View\{closure}()
 4 SYSTEMPATH\Common.php(1190): CodeIgniter\View\View->render('doctor/recetas', [], true)
 5 APPPATH\Controllers\DoctorController.php(50): view('doctor/recetas', [...])
 6 SYSTEMPATH\CodeIgniter.php(942): App\Controllers\DoctorController->recetas()
 7 SYSTEMPATH\CodeIgniter.php(502): CodeIgniter\CodeIgniter->runController(Object(App\Controllers\DoctorController))
 8 SYSTEMPATH\CodeIgniter.php(361): CodeIgniter\CodeIgniter->handleRequest(null, Object(Config\Cache), false)
 9 FCPATH\index.php(79): CodeIgniter\CodeIgniter->run()
10 SYSTEMPATH\Commands\Server\rewrite.php(47): require_once('C:\\Users\\mcarl\\OneDrive\\Escritorio\\Nuevo\\project\\public\\index.php')
CRITICAL - 2023-11-28 22:53:11 --> Unmatched '}'
in APPPATH\Controllers\DoctorController.php on line 119.
 1 SYSTEMPATH\Autoloader\Autoloader.php(291): CodeIgniter\Autoloader\Autoloader->includeFile('C:\\Users\\mcarl\\OneDrive\\Escritorio\\Nuevo\\project\\app\\Controllers\\DoctorController.php')
 2 SYSTEMPATH\Autoloader\Autoloader.php(269): CodeIgniter\Autoloader\Autoloader->loadInNamespace('App\\Controllers\\DoctorController')
 3 [internal function]: CodeIgniter\Autoloader\Autoloader->loadClass('App\\Controllers\\DoctorController')
 4 SYSTEMPATH\CodeIgniter.php(900): class_exists('\\App\\Controllers\\DoctorController', true)
 5 SYSTEMPATH\CodeIgniter.php(489): CodeIgniter\CodeIgniter->startController()
 6 SYSTEMPATH\CodeIgniter.php(361): CodeIgniter\CodeIgniter->handleRequest(null, Object(Config\Cache), false)
 7 FCPATH\index.php(79): CodeIgniter\CodeIgniter->run()
 8 SYSTEMPATH\Commands\Server\rewrite.php(47): require_once('C:\\Users\\mcarl\\OneDrive\\Escritorio\\Nuevo\\project\\public\\index.php')
INFO - 2023-11-28 22:53:22 --> Session: Class initialized using 'CodeIgniter\Session\Handlers\FileHandler' driver.
CRITICAL - 2023-11-28 22:53:22 --> Undefined property: CodeIgniter\View\View::$request
in APPPATH\Views\doctor\recetas.php on line 71.
 1 APPPATH\Views\doctor\recetas.php(71): CodeIgniter\Debug\Exceptions->errorHandler(2, 'Undefined property: CodeIgniter\\View\\View::$request', 'C:\\Users\\mcarl\\OneDrive\\Escritorio\\Nuevo\\project\\app\\Views\\doctor\\recetas.php', 71)
 2 SYSTEMPATH\View\View.php(228): include('C:\\Users\\mcarl\\OneDrive\\Escritorio\\Nuevo\\project\\app\\Views\\doctor\\recetas.php')
 3 SYSTEMPATH\View\View.php(231): CodeIgniter\View\View->CodeIgniter\View\{closure}()
 4 SYSTEMPATH\Common.php(1190): CodeIgniter\View\View->render('doctor/recetas', [], true)
 5 APPPATH\Controllers\DoctorController.php(50): view('doctor/recetas', [...])
 6 SYSTEMPATH\CodeIgniter.php(942): App\Controllers\DoctorController->recetas()
 7 SYSTEMPATH\CodeIgniter.php(502): CodeIgniter\CodeIgniter->runController(Object(App\Controllers\DoctorController))
 8 SYSTEMPATH\CodeIgniter.php(361): CodeIgniter\CodeIgniter->handleRequest(null, Object(Config\Cache), false)
 9 FCPATH\index.php(79): CodeIgniter\CodeIgniter->run()
10 SYSTEMPATH\Commands\Server\rewrite.php(47): require_once('C:\\Users\\mcarl\\OneDrive\\Escritorio\\Nuevo\\project\\public\\index.php')
INFO - 2023-11-28 22:53:37 --> Session: Class initialized using 'CodeIgniter\Session\Handlers\FileHandler' driver.
INFO - 2023-11-28 22:54:17 --> Session: Class initialized using 'CodeIgniter\Session\Handlers\FileHandler' driver.
INFO - 2023-11-28 22:56:22 --> Session: Class initialized using 'CodeIgniter\Session\Handlers\FileHandler' driver.
INFO - 2023-11-28 22:56:24 --> Session: Class initialized using 'CodeIgniter\Session\Handlers\FileHandler' driver.
INFO - 2023-11-28 22:56:37 --> Session: Class initialized using 'CodeIgniter\Session\Handlers\FileHandler' driver.
INFO - 2023-11-28 22:56:41 --> Session: Class initialized using 'CodeIgniter\Session\Handlers\FileHandler' driver.
INFO - 2023-11-28 22:57:07 --> Session: Class initialized using 'CodeIgniter\Session\Handlers\FileHandler' driver.
INFO - 2023-11-28 22:57:35 --> Session: Class initialized using 'CodeIgniter\Session\Handlers\FileHandler' driver.
INFO - 2023-11-28 23:18:18 --> Session: Class initialized using 'CodeIgniter\Session\Handlers\FileHandler' driver.
INFO - 2023-11-28 23:22:09 --> Session: Class initialized using 'CodeIgniter\Session\Handlers\FileHandler' driver.
CRITICAL - 2023-11-28 23:22:09 --> Undefined property: stdClass::$nombre
in APPPATH\Views\doctor\mostrarR.php on line 25.
 1 APPPATH\Views\doctor\mostrarR.php(25): CodeIgniter\Debug\Exceptions->errorHandler(2, 'Undefined property: stdClass::$nombre', 'C:\\Users\\mcarl\\OneDrive\\Escritorio\\Nuevo\\project\\app\\Views\\doctor\\mostrarR.php', 25)
 2 SYSTEMPATH\View\View.php(228): include('C:\\Users\\mcarl\\OneDrive\\Escritorio\\Nuevo\\project\\app\\Views\\doctor\\mostrarR.php')
 3 SYSTEMPATH\View\View.php(231): CodeIgniter\View\View->CodeIgniter\View\{closure}()
 4 SYSTEMPATH\Common.php(1190): CodeIgniter\View\View->render('doctor/mostrarR', [], true)
 5 APPPATH\Controllers\DoctorController.php(103): view('doctor/mostrarR', [...])
 6 SYSTEMPATH\CodeIgniter.php(942): App\Controllers\DoctorController->mostrarR()
 7 SYSTEMPATH\CodeIgniter.php(502): CodeIgniter\CodeIgniter->runController(Object(App\Controllers\DoctorController))
 8 SYSTEMPATH\CodeIgniter.php(361): CodeIgniter\CodeIgniter->handleRequest(null, Object(Config\Cache), false)
 9 FCPATH\index.php(79): CodeIgniter\CodeIgniter->run()
10 SYSTEMPATH\Commands\Server\rewrite.php(47): require_once('C:\\Users\\mcarl\\OneDrive\\Escritorio\\Nuevo\\project\\public\\index.php')
INFO - 2023-11-28 23:22:21 --> Session: Class initialized using 'CodeIgniter\Session\Handlers\FileHandler' driver.
CRITICAL - 2023-11-28 23:22:21 --> Undefined property: stdClass::$fechaLimite
in APPPATH\Views\doctor\mostrarR.php on line 26.
 1 APPPATH\Views\doctor\mostrarR.php(26): CodeIgniter\Debug\Exceptions->errorHandler(2, 'Undefined property: stdClass::$fechaLimite', 'C:\\Users\\mcarl\\OneDrive\\Escritorio\\Nuevo\\project\\app\\Views\\doctor\\mostrarR.php', 26)
 2 SYSTEMPATH\View\View.php(228): include('C:\\Users\\mcarl\\OneDrive\\Escritorio\\Nuevo\\project\\app\\Views\\doctor\\mostrarR.php')
 3 SYSTEMPATH\View\View.php(231): CodeIgniter\View\View->CodeIgniter\View\{closure}()
 4 SYSTEMPATH\Common.php(1190): CodeIgniter\View\View->render('doctor/mostrarR', [], true)
 5 APPPATH\Controllers\DoctorController.php(103): view('doctor/mostrarR', [...])
 6 SYSTEMPATH\CodeIgniter.php(942): App\Controllers\DoctorController->mostrarR()
 7 SYSTEMPATH\CodeIgniter.php(502): CodeIgniter\CodeIgniter->runController(Object(App\Controllers\DoctorController))
 8 SYSTEMPATH\CodeIgniter.php(361): CodeIgniter\CodeIgniter->handleRequest(null, Object(Config\Cache), false)
 9 FCPATH\index.php(79): CodeIgniter\CodeIgniter->run()
10 SYSTEMPATH\Commands\Server\rewrite.php(47): require_once('C:\\Users\\mcarl\\OneDrive\\Escritorio\\Nuevo\\project\\public\\index.php')
INFO - 2023-11-28 23:22:31 --> Session: Class initialized using 'CodeIgniter\Session\Handlers\FileHandler' driver.
ERROR - 2023-11-28 23:30:10 --> mysqli_sql_exception: Table 'hospital.pacientes' doesn't exist in C:\Users\mcarl\OneDrive\Escritorio\Nuevo\project\system\Database\MySQLi\Connection.php:306
Stack trace:
#0 C:\Users\mcarl\OneDrive\Escritorio\Nuevo\project\system\Database\MySQLi\Connection.php(306): mysqli->query('SELECT recetas....', 0)
#1 C:\Users\mcarl\OneDrive\Escritorio\Nuevo\project\system\Database\BaseConnection.php(693): CodeIgniter\Database\MySQLi\Connection->execute('SELECT recetas....')
#2 C:\Users\mcarl\OneDrive\Escritorio\Nuevo\project\system\Database\BaseConnection.php(607): CodeIgniter\Database\BaseConnection->simpleQuery('SELECT recetas....')
#3 C:\Users\mcarl\OneDrive\Escritorio\Nuevo\project\app\Controllers\DoctorController.php(101): CodeIgniter\Database\BaseConnection->query('SELECT recetas....')
#4 C:\Users\mcarl\OneDrive\Escritorio\Nuevo\project\system\CodeIgniter.php(942): App\Controllers\DoctorController->mostrarR()
#5 C:\Users\mcarl\OneDrive\Escritorio\Nuevo\project\system\CodeIgniter.php(502): CodeIgniter\CodeIgniter->runController(Object(App\Controllers\DoctorController))
#6 C:\Users\mcarl\OneDrive\Escritorio\Nuevo\project\system\CodeIgniter.php(361): CodeIgniter\CodeIgniter->handleRequest(NULL, Object(Config\Cache), false)
#7 C:\Users\mcarl\OneDrive\Escritorio\Nuevo\project\public\index.php(79): CodeIgniter\CodeIgniter->run()
#8 C:\Users\mcarl\OneDrive\Escritorio\Nuevo\project\system\Commands\Server\rewrite.php(47): require_once('C:\\Users\\mcarl\\...')
#9 {main}
CRITICAL - 2023-11-28 23:30:10 --> Table 'hospital.pacientes' doesn't exist
in SYSTEMPATH\Database\BaseConnection.php on line 647.
 1 APPPATH\Controllers\DoctorController.php(101): CodeIgniter\Database\BaseConnection->query('SELECT recetas.*, pacientes.nombre, pacientes.apellidoP, pacientes.apellidoM 
                        FROM recetas 
                        JOIN pacientes ON recetas.paciente_id = pacientes.id')
 2 SYSTEMPATH\CodeIgniter.php(942): App\Controllers\DoctorController->mostrarR()
 3 SYSTEMPATH\CodeIgniter.php(502): CodeIgniter\CodeIgniter->runController(Object(App\Controllers\DoctorController))
 4 SYSTEMPATH\CodeIgniter.php(361): CodeIgniter\CodeIgniter->handleRequest(null, Object(Config\Cache), false)
 5 FCPATH\index.php(79): CodeIgniter\CodeIgniter->run()
 6 SYSTEMPATH\Commands\Server\rewrite.php(47): require_once('C:\\Users\\mcarl\\OneDrive\\Escritorio\\Nuevo\\project\\public\\index.php')
INFO - 2023-11-28 23:31:42 --> Session: Class initialized using 'CodeIgniter\Session\Handlers\FileHandler' driver.
INFO - 2023-11-28 23:40:01 --> Session: Class initialized using 'CodeIgniter\Session\Handlers\FileHandler' driver.
INFO - 2023-11-28 23:41:32 --> Session: Class initialized using 'CodeIgniter\Session\Handlers\FileHandler' driver.
ERROR - 2023-11-28 23:43:31 --> mysqli_sql_exception: Table 'hospital.pacientes' doesn't exist in C:\Users\mcarl\OneDrive\Escritorio\Nuevo\project\system\Database\MySQLi\Connection.php:306
Stack trace:
#0 C:\Users\mcarl\OneDrive\Escritorio\Nuevo\project\system\Database\MySQLi\Connection.php(306): mysqli->query('SELECT recetas....', 0)
#1 C:\Users\mcarl\OneDrive\Escritorio\Nuevo\project\system\Database\BaseConnection.php(693): CodeIgniter\Database\MySQLi\Connection->execute('SELECT recetas....')
#2 C:\Users\mcarl\OneDrive\Escritorio\Nuevo\project\system\Database\BaseConnection.php(607): CodeIgniter\Database\BaseConnection->simpleQuery('SELECT recetas....')
#3 C:\Users\mcarl\OneDrive\Escritorio\Nuevo\project\app\Controllers\DoctorController.php(103): CodeIgniter\Database\BaseConnection->query('SELECT recetas....')
#4 C:\Users\mcarl\OneDrive\Escritorio\Nuevo\project\system\CodeIgniter.php(942): App\Controllers\DoctorController->mostrarR()
#5 C:\Users\mcarl\OneDrive\Escritorio\Nuevo\project\system\CodeIgniter.php(502): CodeIgniter\CodeIgniter->runController(Object(App\Controllers\DoctorController))
#6 C:\Users\mcarl\OneDrive\Escritorio\Nuevo\project\system\CodeIgniter.php(361): CodeIgniter\CodeIgniter->handleRequest(NULL, Object(Config\Cache), false)
#7 C:\Users\mcarl\OneDrive\Escritorio\Nuevo\project\public\index.php(79): CodeIgniter\CodeIgniter->run()
#8 C:\Users\mcarl\OneDrive\Escritorio\Nuevo\project\system\Commands\Server\rewrite.php(47): require_once('C:\\Users\\mcarl\\...')
#9 {main}
CRITICAL - 2023-11-28 23:43:31 --> Table 'hospital.pacientes' doesn't exist
in SYSTEMPATH\Database\BaseConnection.php on line 647.
 1 APPPATH\Controllers\DoctorController.php(103): CodeIgniter\Database\BaseConnection->query('SELECT recetas.*, CONCAT(pacientes.nombre, " ", pacientes.apellidoP, " ", pacientes.apellidoM) AS nombrePaciente
                    FROM recetas 
                    JOIN pacientes ON recetas.nombrePaciente = pacientes.id')
 2 SYSTEMPATH\CodeIgniter.php(942): App\Controllers\DoctorController->mostrarR()
 3 SYSTEMPATH\CodeIgniter.php(502): CodeIgniter\CodeIgniter->runController(Object(App\Controllers\DoctorController))
 4 SYSTEMPATH\CodeIgniter.php(361): CodeIgniter\CodeIgniter->handleRequest(null, Object(Config\Cache), false)
 5 FCPATH\index.php(79): CodeIgniter\CodeIgniter->run()
 6 SYSTEMPATH\Commands\Server\rewrite.php(47): require_once('C:\\Users\\mcarl\\OneDrive\\Escritorio\\Nuevo\\project\\public\\index.php')
INFO - 2023-11-28 23:43:47 --> Session: Class initialized using 'CodeIgniter\Session\Handlers\FileHandler' driver.
INFO - 2023-11-28 23:46:03 --> Session: Class initialized using 'CodeIgniter\Session\Handlers\FileHandler' driver.
INFO - 2023-11-28 23:46:16 --> Session: Class initialized using 'CodeIgniter\Session\Handlers\FileHandler' driver.
INFO - 2023-11-28 23:46:21 --> Session: Class initialized using 'CodeIgniter\Session\Handlers\FileHandler' driver.
INFO - 2023-11-28 23:48:15 --> Session: Class initialized using 'CodeIgniter\Session\Handlers\FileHandler' driver.
INFO - 2023-11-28 23:56:13 --> Session: Class initialized using 'CodeIgniter\Session\Handlers\FileHandler' driver.
CRITICAL - 2023-11-28 23:56:14 --> Class "App\Controllers\TCPDF" not found
in APPPATH\Controllers\DoctorController.php on line 127.
 1 SYSTEMPATH\CodeIgniter.php(942): App\Controllers\DoctorController->descargarPdf('1')
 2 SYSTEMPATH\CodeIgniter.php(502): CodeIgniter\CodeIgniter->runController(Object(App\Controllers\DoctorController))
 3 SYSTEMPATH\CodeIgniter.php(361): CodeIgniter\CodeIgniter->handleRequest(null, Object(Config\Cache), false)
 4 FCPATH\index.php(79): CodeIgniter\CodeIgniter->run()
 5 SYSTEMPATH\Commands\Server\rewrite.php(47): require_once('C:\\Users\\mcarl\\OneDrive\\Escritorio\\Nuevo\\project\\public\\index.php')
INFO - 2023-11-28 23:57:59 --> Session: Class initialized using 'CodeIgniter\Session\Handlers\FileHandler' driver.
INFO - 2023-11-28 23:58:16 --> Session: Class initialized using 'CodeIgniter\Session\Handlers\FileHandler' driver.
INFO - 2023-11-28 23:58:46 --> Session: Class initialized using 'CodeIgniter\Session\Handlers\FileHandler' driver.
INFO - 2023-11-28 23:58:55 --> Session: Class initialized using 'CodeIgniter\Session\Handlers\FileHandler' driver.
INFO - 2023-11-28 23:59:22 --> Session: Class initialized using 'CodeIgniter\Session\Handlers\FileHandler' driver.
